<?xml version="1.0" encoding="utf-8"?>
<CoverageSession>
  <Summary numSequencePoints="422" visitedSequencePoints="219" numBranchPoints="422" visitedBranchPoints="219" sequenceCoverage="0.519" branchCoverage="0.519" maxCyclomaticComplexity="0" minCyclomaticComplexity="0" visitedClasses="10" numClasses="23" visitedMethods="50" numMethods="81" />
  <Modules>
    <Module hash="D500130B-A73A-4A6B-8E95-1C66C950E39D">
      <ModulePath>/repos/AWillWebApp/AWillWebApp.Tests/bin/Debug/netcoreapp2.1/AWillWebApp.Views.dll</ModulePath>
      <ModuleTime>2018-08-29T03:05:32</ModuleTime>
      <ModuleName>AWillWebApp.Views</ModuleName>
      <Files>
        <File uid="1" fullPath="/repos/AWillWebApp/AWillWebApp/Views/Error.cshtml" />
        <File uid="2" fullPath="/repos/AWillWebApp/AWillWebApp/Views/Home/Index.cshtml" />
      </Files>
      <Classes>
        <Class>
          <Summary numSequencePoints="5" visitedSequencePoints="0" numBranchPoints="0" visitedBranchPoints="0" sequenceCoverage="0" branchCoverage="0" maxCyclomaticComplexity="0" minCyclomaticComplexity="0" visitedClasses="0" numClasses="1" visitedMethods="0" numMethods="1" />
          <FullName>AWillWebApp.Views.Views_Error/&lt;ExecuteAsync&gt;d__0</FullName>
          <Methods>
            <Method cyclomaticComplexity="0" nPathComplexity="0" sequenceCoverage="0" branchCoverage="0" isConstructor="False" isGetter="False" isSetter="False" isStatic="True">
              <Summary numSequencePoints="5" visitedSequencePoints="0" numBranchPoints="0" visitedBranchPoints="0" sequenceCoverage="0" branchCoverage="0" maxCyclomaticComplexity="0" minCyclomaticComplexity="0" visitedClasses="0" numClasses="0" visitedMethods="0" numMethods="1" />
              <MetadataToken />
              <Name>System.Void AWillWebApp.Views.Views_Error/&lt;ExecuteAsync&gt;d__0::MoveNext()</Name>
              <FileRef uid="1" />
              <SequencePoints>
                <SequencePoint vc="0" upsid="4" ordinal="0" sl="4" sc="1" el="4" ec="2" bec="0" bev="0" fileid="1" />
                <SequencePoint vc="0" upsid="10" ordinal="1" sl="10" sc="1" el="10" ec="2" bec="0" bev="0" fileid="1" />
                <SequencePoint vc="0" upsid="11" ordinal="2" sl="11" sc="1" el="11" ec="2" bec="0" bev="0" fileid="1" />
                <SequencePoint vc="0" upsid="13" ordinal="3" sl="13" sc="1" el="13" ec="2" bec="0" bev="0" fileid="1" />
                <SequencePoint vc="0" upsid="15" ordinal="4" sl="15" sc="1" el="15" ec="2" bec="0" bev="0" fileid="1" />
              </SequencePoints>
              <BranchPoints />
              <MethodPoint vc="0" upsid="0" p8:type="SequencePoint" ordinal="0" offset="0" sc="0" sl="4" ec="1" el="15" bec="0" bev="0" fileid="1" xmlns:p8="xsi" />
            </Method>
          </Methods>
        </Class>
        <Class>
          <Summary numSequencePoints="1" visitedSequencePoints="0" numBranchPoints="12" visitedBranchPoints="0" sequenceCoverage="0" branchCoverage="0" maxCyclomaticComplexity="0" minCyclomaticComplexity="0" visitedClasses="0" numClasses="1" visitedMethods="0" numMethods="1" />
          <FullName>AWillWebApp.Views.Home.Views_Home_Index/&lt;ExecuteAsync&gt;d__11</FullName>
          <Methods>
            <Method cyclomaticComplexity="0" nPathComplexity="0" sequenceCoverage="0" branchCoverage="0" isConstructor="False" isGetter="False" isSetter="False" isStatic="True">
              <Summary numSequencePoints="1" visitedSequencePoints="0" numBranchPoints="12" visitedBranchPoints="0" sequenceCoverage="0" branchCoverage="0" maxCyclomaticComplexity="0" minCyclomaticComplexity="0" visitedClasses="0" numClasses="0" visitedMethods="0" numMethods="1" />
              <MetadataToken />
              <Name>System.Void AWillWebApp.Views.Home.Views_Home_Index/&lt;ExecuteAsync&gt;d__11::MoveNext()</Name>
              <FileRef uid="2" />
              <SequencePoints>
                <SequencePoint vc="0" upsid="2" ordinal="0" sl="2" sc="1" el="2" ec="2" bec="0" bev="0" fileid="2" />
              </SequencePoints>
              <BranchPoints>
                <BranchPoint vc="0" upsid="2" ordinal="0" path="0" offset="276" offsetend="278" sl="2" fileid="2" />
                <BranchPoint vc="0" upsid="2" ordinal="1" path="1" offset="276" offsetend="345" sl="2" fileid="2" />
                <BranchPoint vc="0" upsid="2" ordinal="2" path="0" offset="379" offsetend="381" sl="2" fileid="2" />
                <BranchPoint vc="0" upsid="2" ordinal="4" path="0" offset="412" offsetend="414" sl="2" fileid="2" />
                <BranchPoint vc="0" upsid="2" ordinal="5" path="1" offset="412" offsetend="483" sl="2" fileid="2" />
                <BranchPoint vc="0" upsid="2" ordinal="3" path="1" offset="379" offsetend="492" sl="2" fileid="2" />
                <BranchPoint vc="0" upsid="2" ordinal="6" path="0" offset="798" offsetend="800" sl="2" fileid="2" />
                <BranchPoint vc="0" upsid="2" ordinal="7" path="1" offset="798" offsetend="869" sl="2" fileid="2" />
                <BranchPoint vc="0" upsid="2" ordinal="8" path="0" offset="905" offsetend="907" sl="2" fileid="2" />
                <BranchPoint vc="0" upsid="2" ordinal="10" path="0" offset="938" offsetend="940" sl="2" fileid="2" />
                <BranchPoint vc="0" upsid="2" ordinal="11" path="1" offset="938" offsetend="1009" sl="2" fileid="2" />
                <BranchPoint vc="0" upsid="2" ordinal="9" path="1" offset="905" offsetend="1018" sl="2" fileid="2" />
              </BranchPoints>
              <MethodPoint vc="0" upsid="0" p8:type="SequencePoint" ordinal="0" offset="0" sc="0" sl="2" ec="1" el="2" bec="0" bev="0" fileid="2" xmlns:p8="xsi" />
            </Method>
          </Methods>
        </Class>
      </Classes>
    </Module>
    <Module hash="D707B9DA-C969-4360-9080-98E29E56D487">
      <ModulePath>/repos/AWillWebApp/AWillWebApp.Tests/bin/Debug/netcoreapp2.1/AWillWebApp.dll</ModulePath>
      <ModuleTime>2018-08-29T03:05:32</ModuleTime>
      <ModuleName>AWillWebApp</ModuleName>
      <Files>
        <File uid="3" fullPath="/repos/AWillWebApp/AWillWebApp/Program.cs" />
        <File uid="4" fullPath="/repos/AWillWebApp/AWillWebApp/Startup.cs" />
        <File uid="5" fullPath="/repos/AWillWebApp/AWillWebApp/Views/ErrorModel.cs" />
        <File uid="6" fullPath="/repos/AWillWebApp/AWillWebApp/Outside/Repositories/MonsterRepository.cs" />
        <File uid="7" fullPath="/repos/AWillWebApp/AWillWebApp/Outside/Repositories/UserAccountRepository.cs" />
        <File uid="8" fullPath="/repos/AWillWebApp/AWillWebApp/Outside/Controllers/HomeController.cs" />
        <File uid="9" fullPath="/repos/AWillWebApp/AWillWebApp/Outside/Controllers/MonsterController.cs" />
        <File uid="10" fullPath="/repos/AWillWebApp/AWillWebApp/Outside/Controllers/UserAccountController.cs" />
        <File uid="11" fullPath="/repos/AWillWebApp/AWillWebApp/Outside/Controllers/UserAuthenticationController.cs" />
        <File uid="12" fullPath="/repos/AWillWebApp/AWillWebApp/Inside/Services/MonsterService.cs" />
        <File uid="13" fullPath="/repos/AWillWebApp/AWillWebApp/Inside/Services/UserAuthenticationService.cs" />
        <File uid="14" fullPath="/repos/AWillWebApp/AWillWebApp/Inside/Models/LoginData.cs" />
        <File uid="15" fullPath="/repos/AWillWebApp/AWillWebApp/Inside/Models/Monster.cs" />
        <File uid="16" fullPath="/repos/AWillWebApp/AWillWebApp/Inside/Models/SearchResult.cs" />
        <File uid="17" fullPath="/repos/AWillWebApp/AWillWebApp/Inside/Models/UserAccount.cs" />
      </Files>
      <Classes>
        <Class>
          <Summary numSequencePoints="5" visitedSequencePoints="0" numBranchPoints="0" visitedBranchPoints="0" sequenceCoverage="0" branchCoverage="0" maxCyclomaticComplexity="0" minCyclomaticComplexity="0" visitedClasses="0" numClasses="1" visitedMethods="0" numMethods="2" />
          <FullName>AWillWebApp.Program</FullName>
          <Methods>
            <Method cyclomaticComplexity="0" nPathComplexity="0" sequenceCoverage="0" branchCoverage="0" isConstructor="False" isGetter="False" isSetter="False" isStatic="True">
              <Summary numSequencePoints="3" visitedSequencePoints="0" numBranchPoints="0" visitedBranchPoints="0" sequenceCoverage="0" branchCoverage="0" maxCyclomaticComplexity="0" minCyclomaticComplexity="0" visitedClasses="0" numClasses="0" visitedMethods="0" numMethods="1" />
              <MetadataToken />
              <Name>System.Void AWillWebApp.Program::Main(System.String[])</Name>
              <FileRef uid="3" />
              <SequencePoints>
                <SequencePoint vc="0" upsid="13" ordinal="0" sl="13" sc="1" el="13" ec="2" bec="0" bev="0" fileid="3" />
                <SequencePoint vc="0" upsid="14" ordinal="1" sl="14" sc="1" el="14" ec="2" bec="0" bev="0" fileid="3" />
                <SequencePoint vc="0" upsid="15" ordinal="2" sl="15" sc="1" el="15" ec="2" bec="0" bev="0" fileid="3" />
              </SequencePoints>
              <BranchPoints />
              <MethodPoint vc="0" upsid="0" p8:type="SequencePoint" ordinal="0" offset="0" sc="0" sl="13" ec="1" el="15" bec="0" bev="0" fileid="3" xmlns:p8="xsi" />
            </Method>
            <Method cyclomaticComplexity="0" nPathComplexity="0" sequenceCoverage="0" branchCoverage="0" isConstructor="False" isGetter="False" isSetter="False" isStatic="True">
              <Summary numSequencePoints="2" visitedSequencePoints="0" numBranchPoints="0" visitedBranchPoints="0" sequenceCoverage="0" branchCoverage="0" maxCyclomaticComplexity="0" minCyclomaticComplexity="0" visitedClasses="0" numClasses="0" visitedMethods="0" numMethods="1" />
              <MetadataToken />
              <Name>Microsoft.AspNetCore.Hosting.IWebHostBuilder AWillWebApp.Program::CreateWebHostBuilder(System.String[])</Name>
              <FileRef uid="3" />
              <SequencePoints>
                <SequencePoint vc="0" upsid="18" ordinal="0" sl="18" sc="1" el="18" ec="2" bec="0" bev="0" fileid="3" />
                <SequencePoint vc="0" upsid="19" ordinal="1" sl="19" sc="1" el="19" ec="2" bec="0" bev="0" fileid="3" />
              </SequencePoints>
              <BranchPoints />
              <MethodPoint vc="0" upsid="0" p8:type="SequencePoint" ordinal="1" offset="1" sc="0" sl="18" ec="1" el="19" bec="0" bev="0" fileid="3" xmlns:p8="xsi" />
            </Method>
          </Methods>
        </Class>
        <Class>
          <Summary numSequencePoints="62" visitedSequencePoints="0" numBranchPoints="6" visitedBranchPoints="0" sequenceCoverage="0" branchCoverage="0" maxCyclomaticComplexity="0" minCyclomaticComplexity="0" visitedClasses="0" numClasses="1" visitedMethods="0" numMethods="5" />
          <FullName>AWillWebApp.Startup</FullName>
          <Methods>
            <Method cyclomaticComplexity="0" nPathComplexity="0" sequenceCoverage="0" branchCoverage="0" isConstructor="False" isGetter="False" isSetter="False" isStatic="True">
              <Summary numSequencePoints="23" visitedSequencePoints="0" numBranchPoints="4" visitedBranchPoints="0" sequenceCoverage="0" branchCoverage="0" maxCyclomaticComplexity="0" minCyclomaticComplexity="0" visitedClasses="0" numClasses="0" visitedMethods="0" numMethods="1" />
              <MetadataToken />
              <Name>System.Void AWillWebApp.Startup::Configure(Microsoft.AspNetCore.Builder.IApplicationBuilder,Microsoft.AspNetCore.Hosting.IHostingEnvironment)</Name>
              <FileRef uid="4" />
              <SequencePoints>
                <SequencePoint vc="0" upsid="35" ordinal="0" sl="35" sc="1" el="35" ec="2" bec="0" bev="0" fileid="4" />
                <SequencePoint vc="0" upsid="36" ordinal="1" sl="36" sc="1" el="36" ec="2" bec="0" bev="0" fileid="4" />
                <SequencePoint vc="0" upsid="37" ordinal="2" sl="37" sc="1" el="37" ec="2" bec="0" bev="0" fileid="4" />
                <SequencePoint vc="0" upsid="38" ordinal="3" sl="38" sc="1" el="38" ec="2" bec="0" bev="0" fileid="4" />
                <SequencePoint vc="0" upsid="39" ordinal="4" sl="39" sc="1" el="39" ec="2" bec="0" bev="0" fileid="4" />
                <SequencePoint vc="0" upsid="46" ordinal="5" sl="46" sc="1" el="46" ec="2" bec="0" bev="0" fileid="4" />
                <SequencePoint vc="0" upsid="48" ordinal="6" sl="48" sc="1" el="48" ec="2" bec="0" bev="0" fileid="4" />
                <SequencePoint vc="0" upsid="49" ordinal="7" sl="49" sc="1" el="49" ec="2" bec="0" bev="0" fileid="4" />
                <SequencePoint vc="0" upsid="50" ordinal="8" sl="50" sc="1" el="50" ec="2" bec="0" bev="0" fileid="4" />
                <SequencePoint vc="0" upsid="51" ordinal="9" sl="51" sc="1" el="51" ec="2" bec="0" bev="0" fileid="4" />
                <SequencePoint vc="0" upsid="53" ordinal="10" sl="53" sc="1" el="53" ec="2" bec="0" bev="0" fileid="4" />
                <SequencePoint vc="0" upsid="54" ordinal="11" sl="54" sc="1" el="54" ec="2" bec="0" bev="0" fileid="4" />
                <SequencePoint vc="0" upsid="55" ordinal="12" sl="55" sc="1" el="55" ec="2" bec="0" bev="0" fileid="4" />
                <SequencePoint vc="0" upsid="56" ordinal="13" sl="56" sc="1" el="56" ec="2" bec="0" bev="0" fileid="4" />
                <SequencePoint vc="0" upsid="57" ordinal="14" sl="57" sc="1" el="57" ec="2" bec="0" bev="0" fileid="4" />
                <SequencePoint vc="0" upsid="58" ordinal="15" sl="58" sc="1" el="58" ec="2" bec="0" bev="0" fileid="4" />
                <SequencePoint vc="0" upsid="59" ordinal="16" sl="59" sc="1" el="59" ec="2" bec="0" bev="0" fileid="4" />
                <SequencePoint vc="0" upsid="60" ordinal="17" sl="60" sc="1" el="60" ec="2" bec="0" bev="0" fileid="4" />
                <SequencePoint vc="0" upsid="61" ordinal="18" sl="61" sc="1" el="61" ec="2" bec="0" bev="0" fileid="4" />
                <SequencePoint vc="0" upsid="62" ordinal="19" sl="62" sc="1" el="62" ec="2" bec="0" bev="0" fileid="4" />
                <SequencePoint vc="0" upsid="63" ordinal="20" sl="63" sc="1" el="63" ec="2" bec="0" bev="0" fileid="4" />
                <SequencePoint vc="0" upsid="64" ordinal="21" sl="64" sc="1" el="64" ec="2" bec="0" bev="0" fileid="4" />
                <SequencePoint vc="0" upsid="65" ordinal="22" sl="65" sc="1" el="65" ec="2" bec="0" bev="0" fileid="4" />
              </SequencePoints>
              <BranchPoints>
                <BranchPoint vc="0" upsid="36" ordinal="0" path="0" offset="9" offsetend="11" sl="36" fileid="4" />
                <BranchPoint vc="0" upsid="36" ordinal="1" path="1" offset="9" offsetend="29" sl="36" fileid="4" />
                <BranchPoint vc="0" upsid="60" ordinal="2" path="0" offset="132" offsetend="134" sl="60" fileid="4" />
                <BranchPoint vc="0" upsid="60" ordinal="3" path="1" offset="132" offsetend="157" sl="60" fileid="4" />
              </BranchPoints>
              <MethodPoint vc="0" upsid="0" p8:type="SequencePoint" ordinal="0" offset="0" sc="0" sl="35" ec="1" el="65" bec="0" bev="0" fileid="4" xmlns:p8="xsi" />
            </Method>
            <Method cyclomaticComplexity="0" nPathComplexity="0" sequenceCoverage="0" branchCoverage="0" isConstructor="False" isGetter="False" isSetter="False" isStatic="True">
              <Summary numSequencePoints="19" visitedSequencePoints="0" numBranchPoints="2" visitedBranchPoints="0" sequenceCoverage="0" branchCoverage="0" maxCyclomaticComplexity="0" minCyclomaticComplexity="0" visitedClasses="0" numClasses="0" visitedMethods="0" numMethods="1" />
              <MetadataToken />
              <Name>System.Void AWillWebApp.Startup::ConfigureServices(Microsoft.Extensions.DependencyInjection.IServiceCollection)</Name>
              <FileRef uid="4" />
              <SequencePoints>
                <SequencePoint vc="0" upsid="70" ordinal="0" sl="70" sc="1" el="70" ec="2" bec="0" bev="0" fileid="4" />
                <SequencePoint vc="0" upsid="71" ordinal="1" sl="71" sc="1" el="71" ec="2" bec="0" bev="0" fileid="4" />
                <SequencePoint vc="0" upsid="72" ordinal="2" sl="72" sc="1" el="72" ec="2" bec="0" bev="0" fileid="4" />
                <SequencePoint vc="0" upsid="73" ordinal="3" sl="73" sc="1" el="73" ec="2" bec="0" bev="0" fileid="4" />
                <SequencePoint vc="0" upsid="74" ordinal="4" sl="74" sc="1" el="74" ec="2" bec="0" bev="0" fileid="4" />
                <SequencePoint vc="0" upsid="75" ordinal="5" sl="75" sc="1" el="75" ec="2" bec="0" bev="0" fileid="4" />
                <SequencePoint vc="0" upsid="76" ordinal="6" sl="76" sc="1" el="76" ec="2" bec="0" bev="0" fileid="4" />
                <SequencePoint vc="0" upsid="77" ordinal="7" sl="77" sc="1" el="77" ec="2" bec="0" bev="0" fileid="4" />
                <SequencePoint vc="0" upsid="79" ordinal="8" sl="79" sc="1" el="79" ec="2" bec="0" bev="0" fileid="4" />
                <SequencePoint vc="0" upsid="80" ordinal="9" sl="80" sc="1" el="80" ec="2" bec="0" bev="0" fileid="4" />
                <SequencePoint vc="0" upsid="81" ordinal="10" sl="81" sc="1" el="81" ec="2" bec="0" bev="0" fileid="4" />
                <SequencePoint vc="0" upsid="83" ordinal="11" sl="83" sc="1" el="83" ec="2" bec="0" bev="0" fileid="4" />
                <SequencePoint vc="0" upsid="84" ordinal="12" sl="84" sc="1" el="84" ec="2" bec="0" bev="0" fileid="4" />
                <SequencePoint vc="0" upsid="85" ordinal="13" sl="85" sc="1" el="85" ec="2" bec="0" bev="0" fileid="4" />
                <SequencePoint vc="0" upsid="87" ordinal="14" sl="87" sc="1" el="87" ec="2" bec="0" bev="0" fileid="4" />
                <SequencePoint vc="0" upsid="88" ordinal="15" sl="88" sc="1" el="88" ec="2" bec="0" bev="0" fileid="4" />
                <SequencePoint vc="0" upsid="90" ordinal="16" sl="90" sc="1" el="90" ec="2" bec="0" bev="0" fileid="4" />
                <SequencePoint vc="0" upsid="91" ordinal="17" sl="91" sc="1" el="91" ec="2" bec="0" bev="0" fileid="4" />
                <SequencePoint vc="0" upsid="98" ordinal="18" sl="98" sc="1" el="98" ec="2" bec="0" bev="0" fileid="4" />
              </SequencePoints>
              <BranchPoints>
                <BranchPoint vc="0" upsid="72" ordinal="0" path="0" offset="15" offsetend="17" sl="72" fileid="4" />
                <BranchPoint vc="0" upsid="72" ordinal="1" path="1" offset="15" offsetend="40" sl="72" fileid="4" />
              </BranchPoints>
              <MethodPoint vc="0" upsid="0" p8:type="SequencePoint" ordinal="1" offset="1" sc="0" sl="70" ec="1" el="98" bec="0" bev="0" fileid="4" xmlns:p8="xsi" />
            </Method>
            <Method cyclomaticComplexity="0" nPathComplexity="0" sequenceCoverage="0" branchCoverage="0" isConstructor="False" isGetter="False" isSetter="False" isStatic="True">
              <Summary numSequencePoints="8" visitedSequencePoints="0" numBranchPoints="0" visitedBranchPoints="0" sequenceCoverage="0" branchCoverage="0" maxCyclomaticComplexity="0" minCyclomaticComplexity="0" visitedClasses="0" numClasses="0" visitedMethods="0" numMethods="1" />
              <MetadataToken />
              <Name>AWillWebApp.Inside.Models.Monster[] AWillWebApp.Startup::LoadMonstersFromDisk()</Name>
              <FileRef uid="4" />
              <SequencePoints>
                <SequencePoint vc="0" upsid="101" ordinal="0" sl="101" sc="1" el="101" ec="2" bec="0" bev="0" fileid="4" />
                <SequencePoint vc="0" upsid="102" ordinal="1" sl="102" sc="1" el="102" ec="2" bec="0" bev="0" fileid="4" />
                <SequencePoint vc="0" upsid="103" ordinal="2" sl="103" sc="1" el="103" ec="2" bec="0" bev="0" fileid="4" />
                <SequencePoint vc="0" upsid="104" ordinal="3" sl="104" sc="1" el="104" ec="2" bec="0" bev="0" fileid="4" />
                <SequencePoint vc="0" upsid="105" ordinal="4" sl="105" sc="1" el="105" ec="2" bec="0" bev="0" fileid="4" />
                <SequencePoint vc="0" upsid="106" ordinal="5" sl="106" sc="1" el="106" ec="2" bec="0" bev="0" fileid="4" />
                <SequencePoint vc="0" upsid="107" ordinal="6" sl="107" sc="1" el="107" ec="2" bec="0" bev="0" fileid="4" />
                <SequencePoint vc="0" upsid="108" ordinal="7" sl="108" sc="1" el="108" ec="2" bec="0" bev="0" fileid="4" />
              </SequencePoints>
              <BranchPoints />
              <MethodPoint vc="0" upsid="0" p8:type="SequencePoint" ordinal="2" offset="2" sc="0" sl="101" ec="1" el="108" bec="0" bev="0" fileid="4" xmlns:p8="xsi" />
            </Method>
            <Method cyclomaticComplexity="0" nPathComplexity="0" sequenceCoverage="0" branchCoverage="0" isConstructor="False" isGetter="False" isSetter="False" isStatic="True">
              <Summary numSequencePoints="8" visitedSequencePoints="0" numBranchPoints="0" visitedBranchPoints="0" sequenceCoverage="0" branchCoverage="0" maxCyclomaticComplexity="0" minCyclomaticComplexity="0" visitedClasses="0" numClasses="0" visitedMethods="0" numMethods="1" />
              <MetadataToken />
              <Name>AWillWebApp.Inside.Models.UserAccount[] AWillWebApp.Startup::LoadUserAccountsFromDisk()</Name>
              <FileRef uid="4" />
              <SequencePoints>
                <SequencePoint vc="0" upsid="111" ordinal="0" sl="111" sc="1" el="111" ec="2" bec="0" bev="0" fileid="4" />
                <SequencePoint vc="0" upsid="112" ordinal="1" sl="112" sc="1" el="112" ec="2" bec="0" bev="0" fileid="4" />
                <SequencePoint vc="0" upsid="113" ordinal="2" sl="113" sc="1" el="113" ec="2" bec="0" bev="0" fileid="4" />
                <SequencePoint vc="0" upsid="114" ordinal="3" sl="114" sc="1" el="114" ec="2" bec="0" bev="0" fileid="4" />
                <SequencePoint vc="0" upsid="115" ordinal="4" sl="115" sc="1" el="115" ec="2" bec="0" bev="0" fileid="4" />
                <SequencePoint vc="0" upsid="116" ordinal="5" sl="116" sc="1" el="116" ec="2" bec="0" bev="0" fileid="4" />
                <SequencePoint vc="0" upsid="117" ordinal="6" sl="117" sc="1" el="117" ec="2" bec="0" bev="0" fileid="4" />
                <SequencePoint vc="0" upsid="118" ordinal="7" sl="118" sc="1" el="118" ec="2" bec="0" bev="0" fileid="4" />
              </SequencePoints>
              <BranchPoints />
              <MethodPoint vc="0" upsid="0" p8:type="SequencePoint" ordinal="3" offset="3" sc="0" sl="111" ec="1" el="118" bec="0" bev="0" fileid="4" xmlns:p8="xsi" />
            </Method>
            <Method cyclomaticComplexity="0" nPathComplexity="0" sequenceCoverage="0" branchCoverage="0" isConstructor="True" isGetter="False" isSetter="False" isStatic="True">
              <Summary numSequencePoints="4" visitedSequencePoints="0" numBranchPoints="0" visitedBranchPoints="0" sequenceCoverage="0" branchCoverage="0" maxCyclomaticComplexity="0" minCyclomaticComplexity="0" visitedClasses="0" numClasses="0" visitedMethods="0" numMethods="1" />
              <MetadataToken />
              <Name>System.Void AWillWebApp.Startup::.ctor(Microsoft.Extensions.Logging.ILogger`1&lt;AWillWebApp.Startup&gt;)</Name>
              <FileRef uid="4" />
              <SequencePoints>
                <SequencePoint vc="0" upsid="28" ordinal="0" sl="28" sc="1" el="28" ec="2" bec="0" bev="0" fileid="4" />
                <SequencePoint vc="0" upsid="29" ordinal="1" sl="29" sc="1" el="29" ec="2" bec="0" bev="0" fileid="4" />
                <SequencePoint vc="0" upsid="30" ordinal="2" sl="30" sc="1" el="30" ec="2" bec="0" bev="0" fileid="4" />
                <SequencePoint vc="0" upsid="31" ordinal="3" sl="31" sc="1" el="31" ec="2" bec="0" bev="0" fileid="4" />
              </SequencePoints>
              <BranchPoints />
              <MethodPoint vc="0" upsid="0" p8:type="SequencePoint" ordinal="4" offset="4" sc="0" sl="28" ec="1" el="31" bec="0" bev="0" fileid="4" xmlns:p8="xsi" />
            </Method>
          </Methods>
        </Class>
        <Class>
          <Summary numSequencePoints="5" visitedSequencePoints="0" numBranchPoints="4" visitedBranchPoints="0" sequenceCoverage="0" branchCoverage="0" maxCyclomaticComplexity="0" minCyclomaticComplexity="0" visitedClasses="0" numClasses="1" visitedMethods="0" numMethods="3" />
          <FullName>AWillWebApp.Views.ErrorModel</FullName>
          <Methods>
            <Method cyclomaticComplexity="0" nPathComplexity="0" sequenceCoverage="0" branchCoverage="0" isConstructor="False" isGetter="True" isSetter="False" isStatic="True">
              <Summary numSequencePoints="1" visitedSequencePoints="0" numBranchPoints="0" visitedBranchPoints="0" sequenceCoverage="0" branchCoverage="0" maxCyclomaticComplexity="0" minCyclomaticComplexity="0" visitedClasses="0" numClasses="0" visitedMethods="0" numMethods="1" />
              <MetadataToken />
              <Name>System.String AWillWebApp.Views.ErrorModel::get_RequestId()</Name>
              <FileRef uid="5" />
              <SequencePoints>
                <SequencePoint vc="0" upsid="13" ordinal="0" sl="13" sc="1" el="13" ec="2" bec="0" bev="0" fileid="5" />
              </SequencePoints>
              <BranchPoints />
              <MethodPoint vc="0" upsid="0" p8:type="SequencePoint" ordinal="0" offset="0" sc="0" sl="13" ec="1" el="13" bec="0" bev="0" fileid="5" xmlns:p8="xsi" />
            </Method>
            <Method cyclomaticComplexity="0" nPathComplexity="0" sequenceCoverage="0" branchCoverage="0" isConstructor="False" isGetter="True" isSetter="False" isStatic="True">
              <Summary numSequencePoints="1" visitedSequencePoints="0" numBranchPoints="0" visitedBranchPoints="0" sequenceCoverage="0" branchCoverage="0" maxCyclomaticComplexity="0" minCyclomaticComplexity="0" visitedClasses="0" numClasses="0" visitedMethods="0" numMethods="1" />
              <MetadataToken />
              <Name>System.Boolean AWillWebApp.Views.ErrorModel::get_ShowRequestId()</Name>
              <FileRef uid="5" />
              <SequencePoints>
                <SequencePoint vc="0" upsid="15" ordinal="0" sl="15" sc="1" el="15" ec="2" bec="0" bev="0" fileid="5" />
              </SequencePoints>
              <BranchPoints />
              <MethodPoint vc="0" upsid="0" p8:type="SequencePoint" ordinal="1" offset="1" sc="0" sl="15" ec="1" el="15" bec="0" bev="0" fileid="5" xmlns:p8="xsi" />
            </Method>
            <Method cyclomaticComplexity="0" nPathComplexity="0" sequenceCoverage="0" branchCoverage="0" isConstructor="False" isGetter="False" isSetter="False" isStatic="True">
              <Summary numSequencePoints="3" visitedSequencePoints="0" numBranchPoints="4" visitedBranchPoints="0" sequenceCoverage="0" branchCoverage="0" maxCyclomaticComplexity="0" minCyclomaticComplexity="0" visitedClasses="0" numClasses="0" visitedMethods="0" numMethods="1" />
              <MetadataToken />
              <Name>System.Void AWillWebApp.Views.ErrorModel::OnGet()</Name>
              <FileRef uid="5" />
              <SequencePoints>
                <SequencePoint vc="0" upsid="19" ordinal="0" sl="19" sc="1" el="19" ec="2" bec="0" bev="0" fileid="5" />
                <SequencePoint vc="0" upsid="20" ordinal="1" sl="20" sc="1" el="20" ec="2" bec="0" bev="0" fileid="5" />
                <SequencePoint vc="0" upsid="21" ordinal="2" sl="21" sc="1" el="21" ec="2" bec="0" bev="0" fileid="5" />
              </SequencePoints>
              <BranchPoints>
                <BranchPoint vc="0" upsid="20" ordinal="0" path="0" offset="8" offsetend="10" sl="20" fileid="5" />
                <BranchPoint vc="0" upsid="20" ordinal="1" path="1" offset="8" offsetend="14" sl="20" fileid="5" />
                <BranchPoint vc="0" upsid="20" ordinal="2" path="0" offset="20" offsetend="22" sl="20" fileid="5" />
                <BranchPoint vc="0" upsid="20" ordinal="3" path="1" offset="20" offsetend="34" sl="20" fileid="5" />
              </BranchPoints>
              <MethodPoint vc="0" upsid="0" p8:type="SequencePoint" ordinal="2" offset="2" sc="0" sl="19" ec="1" el="21" bec="0" bev="0" fileid="5" xmlns:p8="xsi" />
            </Method>
          </Methods>
        </Class>
        <Class>
          <Summary numSequencePoints="34" visitedSequencePoints="32" numBranchPoints="10" visitedBranchPoints="9" sequenceCoverage="0.941" branchCoverage="0.9" maxCyclomaticComplexity="0" minCyclomaticComplexity="0" visitedClasses="1" numClasses="1" visitedMethods="5" numMethods="5" />
          <FullName>AWillWebApp.Outside.Repositories.MonsterRepository</FullName>
          <Methods>
            <Method cyclomaticComplexity="0" nPathComplexity="0" sequenceCoverage="1" branchCoverage="0" isConstructor="False" isGetter="False" isSetter="False" isStatic="True">
              <Summary numSequencePoints="1" visitedSequencePoints="1" numBranchPoints="0" visitedBranchPoints="0" sequenceCoverage="1" branchCoverage="0" maxCyclomaticComplexity="0" minCyclomaticComplexity="0" visitedClasses="0" numClasses="0" visitedMethods="1" numMethods="1" />
              <MetadataToken />
              <Name>System.Threading.Tasks.Task`1&lt;AWillWebApp.Inside.Models.Monster&gt; AWillWebApp.Outside.Repositories.MonsterRepository::GetMonster(System.Guid)</Name>
              <FileRef uid="6" />
              <SequencePoints>
                <SequencePoint vc="4" upsid="26" ordinal="0" sl="26" sc="1" el="26" ec="2" bec="0" bev="0" fileid="6" />
              </SequencePoints>
              <BranchPoints />
              <MethodPoint vc="1" upsid="0" p8:type="SequencePoint" ordinal="0" offset="0" sc="0" sl="26" ec="1" el="26" bec="0" bev="0" fileid="6" xmlns:p8="xsi" />
            </Method>
            <Method cyclomaticComplexity="0" nPathComplexity="0" sequenceCoverage="1" branchCoverage="1" isConstructor="False" isGetter="False" isSetter="False" isStatic="True">
              <Summary numSequencePoints="8" visitedSequencePoints="8" numBranchPoints="2" visitedBranchPoints="2" sequenceCoverage="1" branchCoverage="1" maxCyclomaticComplexity="0" minCyclomaticComplexity="0" visitedClasses="0" numClasses="0" visitedMethods="1" numMethods="1" />
              <MetadataToken />
              <Name>System.Threading.Tasks.Task`1&lt;System.Collections.Generic.IEnumerable`1&lt;System.String&gt;&gt; AWillWebApp.Outside.Repositories.MonsterRepository::GetMonsterNames()</Name>
              <FileRef uid="6" />
              <SequencePoints>
                <SequencePoint vc="2" upsid="29" ordinal="0" sl="29" sc="1" el="29" ec="2" bec="0" bev="0" fileid="6" />
                <SequencePoint vc="2" upsid="30" ordinal="1" sl="30" sc="1" el="30" ec="2" bec="0" bev="0" fileid="6" />
                <SequencePoint vc="10" upsid="31" ordinal="2" sl="31" sc="1" el="31" ec="2" bec="0" bev="0" fileid="6" />
                <SequencePoint vc="2" upsid="32" ordinal="3" sl="32" sc="1" el="32" ec="2" bec="0" bev="0" fileid="6" />
                <SequencePoint vc="2" upsid="33" ordinal="4" sl="33" sc="1" el="33" ec="2" bec="0" bev="0" fileid="6" />
                <SequencePoint vc="2" upsid="34" ordinal="5" sl="34" sc="1" el="34" ec="2" bec="0" bev="0" fileid="6" />
                <SequencePoint vc="2" upsid="36" ordinal="6" sl="36" sc="1" el="36" ec="2" bec="0" bev="0" fileid="6" />
                <SequencePoint vc="2" upsid="37" ordinal="7" sl="37" sc="1" el="37" ec="2" bec="0" bev="0" fileid="6" />
              </SequencePoints>
              <BranchPoints>
                <BranchPoint vc="2" upsid="31" ordinal="1" path="1" offset="70" offsetend="22" sl="31" fileid="6" />
                <BranchPoint vc="2" upsid="31" ordinal="0" path="0" offset="70" offsetend="72" sl="31" fileid="6" />
              </BranchPoints>
              <MethodPoint vc="8" upsid="0" p8:type="SequencePoint" ordinal="1" offset="1" sc="0" sl="29" ec="1" el="37" bec="0" bev="0" fileid="6" xmlns:p8="xsi" />
            </Method>
            <Method cyclomaticComplexity="0" nPathComplexity="0" sequenceCoverage="1" branchCoverage="0" isConstructor="False" isGetter="False" isSetter="False" isStatic="True">
              <Summary numSequencePoints="1" visitedSequencePoints="1" numBranchPoints="0" visitedBranchPoints="0" sequenceCoverage="1" branchCoverage="0" maxCyclomaticComplexity="0" minCyclomaticComplexity="0" visitedClasses="0" numClasses="0" visitedMethods="1" numMethods="1" />
              <MetadataToken />
              <Name>System.Threading.Tasks.Task`1&lt;System.Collections.Generic.IEnumerable`1&lt;AWillWebApp.Inside.Models.Monster&gt;&gt; AWillWebApp.Outside.Repositories.MonsterRepository::GetMonsters()</Name>
              <FileRef uid="6" />
              <SequencePoints>
                <SequencePoint vc="2" upsid="39" ordinal="0" sl="39" sc="1" el="39" ec="2" bec="0" bev="0" fileid="6" />
              </SequencePoints>
              <BranchPoints />
              <MethodPoint vc="1" upsid="0" p8:type="SequencePoint" ordinal="2" offset="2" sc="0" sl="39" ec="1" el="39" bec="0" bev="0" fileid="6" xmlns:p8="xsi" />
            </Method>
            <Method cyclomaticComplexity="0" nPathComplexity="0" sequenceCoverage="0.875" branchCoverage="0.833" isConstructor="False" isGetter="False" isSetter="False" isStatic="True">
              <Summary numSequencePoints="16" visitedSequencePoints="14" numBranchPoints="6" visitedBranchPoints="5" sequenceCoverage="0.875" branchCoverage="0.833" maxCyclomaticComplexity="0" minCyclomaticComplexity="0" visitedClasses="0" numClasses="0" visitedMethods="1" numMethods="1" />
              <MetadataToken />
              <Name>System.Threading.Tasks.Task`1&lt;AWillWebApp.Inside.Models.Monster&gt; AWillWebApp.Outside.Repositories.MonsterRepository::AddMonster(AWillWebApp.Inside.Models.Monster)</Name>
              <FileRef uid="6" />
              <SequencePoints>
                <SequencePoint vc="11" upsid="42" ordinal="0" sl="42" sc="1" el="42" ec="2" bec="0" bev="0" fileid="6" />
                <SequencePoint vc="11" upsid="43" ordinal="1" sl="43" sc="1" el="43" ec="2" bec="0" bev="0" fileid="6" />
                <SequencePoint vc="8" upsid="44" ordinal="2" sl="44" sc="1" el="44" ec="2" bec="0" bev="0" fileid="6" />
                <SequencePoint vc="8" upsid="45" ordinal="3" sl="45" sc="1" el="45" ec="2" bec="0" bev="0" fileid="6" />
                <SequencePoint vc="8" upsid="46" ordinal="4" sl="46" sc="1" el="46" ec="2" bec="0" bev="0" fileid="6" />
                <SequencePoint vc="11" upsid="48" ordinal="5" sl="48" sc="1" el="48" ec="2" bec="0" bev="0" fileid="6" />
                <SequencePoint vc="11" upsid="49" ordinal="6" sl="49" sc="1" el="49" ec="2" bec="0" bev="0" fileid="6" />
                <SequencePoint vc="11" upsid="50" ordinal="7" sl="50" sc="1" el="50" ec="2" bec="0" bev="0" fileid="6" />
                <SequencePoint vc="11" upsid="51" ordinal="8" sl="51" sc="1" el="51" ec="2" bec="0" bev="0" fileid="6" />
                <SequencePoint vc="15" upsid="53" ordinal="9" sl="53" sc="1" el="53" ec="2" bec="0" bev="0" fileid="6" />
                <SequencePoint vc="11" upsid="54" ordinal="10" sl="54" sc="1" el="54" ec="2" bec="0" bev="0" fileid="6" />
                <SequencePoint vc="0" upsid="55" ordinal="11" sl="55" sc="1" el="55" ec="2" bec="0" bev="0" fileid="6" />
                <SequencePoint vc="0" upsid="56" ordinal="12" sl="56" sc="1" el="56" ec="2" bec="0" bev="0" fileid="6" />
                <SequencePoint vc="11" upsid="59" ordinal="13" sl="59" sc="1" el="59" ec="2" bec="0" bev="0" fileid="6" />
                <SequencePoint vc="11" upsid="61" ordinal="14" sl="61" sc="1" el="61" ec="2" bec="0" bev="0" fileid="6" />
                <SequencePoint vc="11" upsid="62" ordinal="15" sl="62" sc="1" el="62" ec="2" bec="0" bev="0" fileid="6" />
              </SequencePoints>
              <BranchPoints>
                <BranchPoint vc="8" upsid="43" ordinal="0" path="0" offset="37" offsetend="39" sl="43" fileid="6" />
                <BranchPoint vc="11" upsid="43" ordinal="1" path="1" offset="37" offsetend="58" sl="43" fileid="6" />
                <BranchPoint vc="11" upsid="48" ordinal="2" path="0" offset="74" offsetend="76" sl="48" fileid="6" />
                <BranchPoint vc="11" upsid="48" ordinal="3" path="1" offset="74" offsetend="103" sl="48" fileid="6" />
                <BranchPoint vc="0" upsid="54" ordinal="4" path="0" offset="135" offsetend="137" sl="54" fileid="6" />
                <BranchPoint vc="11" upsid="54" ordinal="5" path="1" offset="135" offsetend="148" sl="54" fileid="6" />
              </BranchPoints>
              <MethodPoint vc="14" upsid="0" p8:type="SequencePoint" ordinal="3" offset="3" sc="0" sl="42" ec="1" el="62" bec="0" bev="0" fileid="6" xmlns:p8="xsi" />
            </Method>
            <Method cyclomaticComplexity="0" nPathComplexity="0" sequenceCoverage="1" branchCoverage="1" isConstructor="True" isGetter="False" isSetter="False" isStatic="True">
              <Summary numSequencePoints="8" visitedSequencePoints="8" numBranchPoints="2" visitedBranchPoints="2" sequenceCoverage="1" branchCoverage="1" maxCyclomaticComplexity="0" minCyclomaticComplexity="0" visitedClasses="0" numClasses="0" visitedMethods="1" numMethods="1" />
              <MetadataToken />
              <Name>System.Void AWillWebApp.Outside.Repositories.MonsterRepository::.ctor(System.Collections.Generic.IEnumerable`1&lt;AWillWebApp.Inside.Models.Monster&gt;)</Name>
              <FileRef uid="6" />
              <SequencePoints>
                <SequencePoint vc="10" upsid="17" ordinal="0" sl="17" sc="1" el="17" ec="2" bec="0" bev="0" fileid="6" />
                <SequencePoint vc="10" upsid="18" ordinal="1" sl="18" sc="1" el="18" ec="2" bec="0" bev="0" fileid="6" />
                <SequencePoint vc="10" upsid="19" ordinal="2" sl="19" sc="1" el="19" ec="2" bec="0" bev="0" fileid="6" />
                <SequencePoint vc="44" upsid="20" ordinal="3" sl="20" sc="1" el="20" ec="2" bec="0" bev="0" fileid="6" />
                <SequencePoint vc="7" upsid="21" ordinal="4" sl="21" sc="1" el="21" ec="2" bec="0" bev="0" fileid="6" />
                <SequencePoint vc="7" upsid="22" ordinal="5" sl="22" sc="1" el="22" ec="2" bec="0" bev="0" fileid="6" />
                <SequencePoint vc="7" upsid="23" ordinal="6" sl="23" sc="1" el="23" ec="2" bec="0" bev="0" fileid="6" />
                <SequencePoint vc="10" upsid="24" ordinal="7" sl="24" sc="1" el="24" ec="2" bec="0" bev="0" fileid="6" />
              </SequencePoints>
              <BranchPoints>
                <BranchPoint vc="7" upsid="20" ordinal="1" path="1" offset="52" offsetend="29" sl="20" fileid="6" />
                <BranchPoint vc="10" upsid="20" ordinal="0" path="0" offset="52" offsetend="54" sl="20" fileid="6" />
              </BranchPoints>
              <MethodPoint vc="8" upsid="0" p8:type="SequencePoint" ordinal="4" offset="4" sc="0" sl="17" ec="1" el="24" bec="0" bev="0" fileid="6" xmlns:p8="xsi" />
            </Method>
          </Methods>
        </Class>
        <Class>
          <Summary numSequencePoints="36" visitedSequencePoints="34" numBranchPoints="8" visitedBranchPoints="7" sequenceCoverage="0.944" branchCoverage="0.875" maxCyclomaticComplexity="0" minCyclomaticComplexity="0" visitedClasses="1" numClasses="1" visitedMethods="6" numMethods="6" />
          <FullName>AWillWebApp.Outside.Repositories.UserAccountRepository</FullName>
          <Methods>
            <Method cyclomaticComplexity="0" nPathComplexity="0" sequenceCoverage="0.875" branchCoverage="0.833" isConstructor="False" isGetter="False" isSetter="False" isStatic="True">
              <Summary numSequencePoints="16" visitedSequencePoints="14" numBranchPoints="6" visitedBranchPoints="5" sequenceCoverage="0.875" branchCoverage="0.833" maxCyclomaticComplexity="0" minCyclomaticComplexity="0" visitedClasses="0" numClasses="0" visitedMethods="1" numMethods="1" />
              <MetadataToken />
              <Name>System.Threading.Tasks.Task`1&lt;AWillWebApp.Inside.Models.UserAccount&gt; AWillWebApp.Outside.Repositories.UserAccountRepository::AddUserAccountAsync(AWillWebApp.Inside.Models.UserAccount)</Name>
              <FileRef uid="7" />
              <SequencePoints>
                <SequencePoint vc="16" upsid="27" ordinal="0" sl="27" sc="1" el="27" ec="2" bec="0" bev="0" fileid="7" />
                <SequencePoint vc="16" upsid="28" ordinal="1" sl="28" sc="1" el="28" ec="2" bec="0" bev="0" fileid="7" />
                <SequencePoint vc="10" upsid="29" ordinal="2" sl="29" sc="1" el="29" ec="2" bec="0" bev="0" fileid="7" />
                <SequencePoint vc="10" upsid="30" ordinal="3" sl="30" sc="1" el="30" ec="2" bec="0" bev="0" fileid="7" />
                <SequencePoint vc="10" upsid="31" ordinal="4" sl="31" sc="1" el="31" ec="2" bec="0" bev="0" fileid="7" />
                <SequencePoint vc="16" upsid="33" ordinal="5" sl="33" sc="1" el="33" ec="2" bec="0" bev="0" fileid="7" />
                <SequencePoint vc="4" upsid="34" ordinal="6" sl="34" sc="1" el="34" ec="2" bec="0" bev="0" fileid="7" />
                <SequencePoint vc="4" upsid="35" ordinal="7" sl="35" sc="1" el="35" ec="2" bec="0" bev="0" fileid="7" />
                <SequencePoint vc="4" upsid="36" ordinal="8" sl="36" sc="1" el="36" ec="2" bec="0" bev="0" fileid="7" />
                <SequencePoint vc="23" upsid="38" ordinal="9" sl="38" sc="1" el="38" ec="2" bec="0" bev="0" fileid="7" />
                <SequencePoint vc="16" upsid="39" ordinal="10" sl="39" sc="1" el="39" ec="2" bec="0" bev="0" fileid="7" />
                <SequencePoint vc="0" upsid="40" ordinal="11" sl="40" sc="1" el="40" ec="2" bec="0" bev="0" fileid="7" />
                <SequencePoint vc="0" upsid="41" ordinal="12" sl="41" sc="1" el="41" ec="2" bec="0" bev="0" fileid="7" />
                <SequencePoint vc="16" upsid="44" ordinal="13" sl="44" sc="1" el="44" ec="2" bec="0" bev="0" fileid="7" />
                <SequencePoint vc="16" upsid="46" ordinal="14" sl="46" sc="1" el="46" ec="2" bec="0" bev="0" fileid="7" />
                <SequencePoint vc="16" upsid="47" ordinal="15" sl="47" sc="1" el="47" ec="2" bec="0" bev="0" fileid="7" />
              </SequencePoints>
              <BranchPoints>
                <BranchPoint vc="10" upsid="28" ordinal="0" path="0" offset="37" offsetend="39" sl="28" fileid="7" />
                <BranchPoint vc="16" upsid="28" ordinal="1" path="1" offset="37" offsetend="58" sl="28" fileid="7" />
                <BranchPoint vc="4" upsid="33" ordinal="2" path="0" offset="74" offsetend="76" sl="33" fileid="7" />
                <BranchPoint vc="16" upsid="33" ordinal="3" path="1" offset="74" offsetend="103" sl="33" fileid="7" />
                <BranchPoint vc="0" upsid="39" ordinal="4" path="0" offset="135" offsetend="137" sl="39" fileid="7" />
                <BranchPoint vc="16" upsid="39" ordinal="5" path="1" offset="135" offsetend="148" sl="39" fileid="7" />
              </BranchPoints>
              <MethodPoint vc="14" upsid="0" p8:type="SequencePoint" ordinal="0" offset="0" sc="0" sl="27" ec="1" el="47" bec="0" bev="0" fileid="7" xmlns:p8="xsi" />
            </Method>
            <Method cyclomaticComplexity="0" nPathComplexity="0" sequenceCoverage="1" branchCoverage="0" isConstructor="False" isGetter="False" isSetter="False" isStatic="True">
              <Summary numSequencePoints="3" visitedSequencePoints="3" numBranchPoints="0" visitedBranchPoints="0" sequenceCoverage="1" branchCoverage="0" maxCyclomaticComplexity="0" minCyclomaticComplexity="0" visitedClasses="0" numClasses="0" visitedMethods="1" numMethods="1" />
              <MetadataToken />
              <Name>System.Threading.Tasks.Task`1&lt;AWillWebApp.Inside.Models.UserAccount&gt; AWillWebApp.Outside.Repositories.UserAccountRepository::GetUserAccountByIdAsync(System.Guid)</Name>
              <FileRef uid="7" />
              <SequencePoints>
                <SequencePoint vc="3" upsid="50" ordinal="0" sl="50" sc="1" el="50" ec="2" bec="0" bev="0" fileid="7" />
                <SequencePoint vc="7" upsid="51" ordinal="1" sl="51" sc="1" el="51" ec="2" bec="0" bev="0" fileid="7" />
                <SequencePoint vc="3" upsid="52" ordinal="2" sl="52" sc="1" el="52" ec="2" bec="0" bev="0" fileid="7" />
              </SequencePoints>
              <BranchPoints />
              <MethodPoint vc="3" upsid="0" p8:type="SequencePoint" ordinal="1" offset="1" sc="0" sl="50" ec="1" el="52" bec="0" bev="0" fileid="7" xmlns:p8="xsi" />
            </Method>
            <Method cyclomaticComplexity="0" nPathComplexity="0" sequenceCoverage="1" branchCoverage="0" isConstructor="False" isGetter="False" isSetter="False" isStatic="True">
              <Summary numSequencePoints="3" visitedSequencePoints="3" numBranchPoints="0" visitedBranchPoints="0" sequenceCoverage="1" branchCoverage="0" maxCyclomaticComplexity="0" minCyclomaticComplexity="0" visitedClasses="0" numClasses="0" visitedMethods="1" numMethods="1" />
              <MetadataToken />
              <Name>System.Threading.Tasks.Task`1&lt;AWillWebApp.Inside.Models.UserAccount&gt; AWillWebApp.Outside.Repositories.UserAccountRepository::GetUserAccountByNumberAsync(System.Int32)</Name>
              <FileRef uid="7" />
              <SequencePoints>
                <SequencePoint vc="3" upsid="55" ordinal="0" sl="55" sc="1" el="55" ec="2" bec="0" bev="0" fileid="7" />
                <SequencePoint vc="7" upsid="56" ordinal="1" sl="56" sc="1" el="56" ec="2" bec="0" bev="0" fileid="7" />
                <SequencePoint vc="3" upsid="57" ordinal="2" sl="57" sc="1" el="57" ec="2" bec="0" bev="0" fileid="7" />
              </SequencePoints>
              <BranchPoints />
              <MethodPoint vc="3" upsid="0" p8:type="SequencePoint" ordinal="2" offset="2" sc="0" sl="55" ec="1" el="57" bec="0" bev="0" fileid="7" xmlns:p8="xsi" />
            </Method>
            <Method cyclomaticComplexity="0" nPathComplexity="0" sequenceCoverage="1" branchCoverage="0" isConstructor="False" isGetter="False" isSetter="False" isStatic="True">
              <Summary numSequencePoints="3" visitedSequencePoints="3" numBranchPoints="0" visitedBranchPoints="0" sequenceCoverage="1" branchCoverage="0" maxCyclomaticComplexity="0" minCyclomaticComplexity="0" visitedClasses="0" numClasses="0" visitedMethods="1" numMethods="1" />
              <MetadataToken />
              <Name>System.Threading.Tasks.Task`1&lt;AWillWebApp.Inside.Models.UserAccount&gt; AWillWebApp.Outside.Repositories.UserAccountRepository::GetUserAccountByUsernameAsync(System.String)</Name>
              <FileRef uid="7" />
              <SequencePoints>
                <SequencePoint vc="3" upsid="60" ordinal="0" sl="60" sc="1" el="60" ec="2" bec="0" bev="0" fileid="7" />
                <SequencePoint vc="7" upsid="61" ordinal="1" sl="61" sc="1" el="61" ec="2" bec="0" bev="0" fileid="7" />
                <SequencePoint vc="3" upsid="62" ordinal="2" sl="62" sc="1" el="62" ec="2" bec="0" bev="0" fileid="7" />
              </SequencePoints>
              <BranchPoints />
              <MethodPoint vc="3" upsid="0" p8:type="SequencePoint" ordinal="3" offset="3" sc="0" sl="60" ec="1" el="62" bec="0" bev="0" fileid="7" xmlns:p8="xsi" />
            </Method>
            <Method cyclomaticComplexity="0" nPathComplexity="0" sequenceCoverage="1" branchCoverage="0" isConstructor="False" isGetter="False" isSetter="False" isStatic="True">
              <Summary numSequencePoints="3" visitedSequencePoints="3" numBranchPoints="0" visitedBranchPoints="0" sequenceCoverage="1" branchCoverage="0" maxCyclomaticComplexity="0" minCyclomaticComplexity="0" visitedClasses="0" numClasses="0" visitedMethods="1" numMethods="1" />
              <MetadataToken />
              <Name>System.Threading.Tasks.Task`1&lt;System.Collections.Generic.IEnumerable`1&lt;AWillWebApp.Inside.Models.UserAccount&gt;&gt; AWillWebApp.Outside.Repositories.UserAccountRepository::GetUserAccountsAsync()</Name>
              <FileRef uid="7" />
              <SequencePoints>
                <SequencePoint vc="2" upsid="65" ordinal="0" sl="65" sc="1" el="65" ec="2" bec="0" bev="0" fileid="7" />
                <SequencePoint vc="2" upsid="66" ordinal="1" sl="66" sc="1" el="66" ec="2" bec="0" bev="0" fileid="7" />
                <SequencePoint vc="2" upsid="67" ordinal="2" sl="67" sc="1" el="67" ec="2" bec="0" bev="0" fileid="7" />
              </SequencePoints>
              <BranchPoints />
              <MethodPoint vc="3" upsid="0" p8:type="SequencePoint" ordinal="4" offset="4" sc="0" sl="65" ec="1" el="67" bec="0" bev="0" fileid="7" xmlns:p8="xsi" />
            </Method>
            <Method cyclomaticComplexity="0" nPathComplexity="0" sequenceCoverage="1" branchCoverage="1" isConstructor="True" isGetter="False" isSetter="False" isStatic="True">
              <Summary numSequencePoints="8" visitedSequencePoints="8" numBranchPoints="2" visitedBranchPoints="2" sequenceCoverage="1" branchCoverage="1" maxCyclomaticComplexity="0" minCyclomaticComplexity="0" visitedClasses="0" numClasses="0" visitedMethods="1" numMethods="1" />
              <MetadataToken />
              <Name>System.Void AWillWebApp.Outside.Repositories.UserAccountRepository::.ctor(System.Collections.Generic.IEnumerable`1&lt;AWillWebApp.Inside.Models.UserAccount&gt;)</Name>
              <FileRef uid="7" />
              <SequencePoints>
                <SequencePoint vc="13" upsid="17" ordinal="0" sl="17" sc="1" el="17" ec="2" bec="0" bev="0" fileid="7" />
                <SequencePoint vc="13" upsid="18" ordinal="1" sl="18" sc="1" el="18" ec="2" bec="0" bev="0" fileid="7" />
                <SequencePoint vc="13" upsid="19" ordinal="2" sl="19" sc="1" el="19" ec="2" bec="0" bev="0" fileid="7" />
                <SequencePoint vc="67" upsid="20" ordinal="3" sl="20" sc="1" el="20" ec="2" bec="0" bev="0" fileid="7" />
                <SequencePoint vc="14" upsid="21" ordinal="4" sl="21" sc="1" el="21" ec="2" bec="0" bev="0" fileid="7" />
                <SequencePoint vc="14" upsid="22" ordinal="5" sl="22" sc="1" el="22" ec="2" bec="0" bev="0" fileid="7" />
                <SequencePoint vc="14" upsid="23" ordinal="6" sl="23" sc="1" el="23" ec="2" bec="0" bev="0" fileid="7" />
                <SequencePoint vc="13" upsid="24" ordinal="7" sl="24" sc="1" el="24" ec="2" bec="0" bev="0" fileid="7" />
              </SequencePoints>
              <BranchPoints>
                <BranchPoint vc="14" upsid="20" ordinal="1" path="1" offset="52" offsetend="29" sl="20" fileid="7" />
                <BranchPoint vc="13" upsid="20" ordinal="0" path="0" offset="52" offsetend="54" sl="20" fileid="7" />
              </BranchPoints>
              <MethodPoint vc="8" upsid="0" p8:type="SequencePoint" ordinal="5" offset="5" sc="0" sl="17" ec="1" el="24" bec="0" bev="0" fileid="7" xmlns:p8="xsi" />
            </Method>
          </Methods>
        </Class>
        <Class>
          <Summary numSequencePoints="3" visitedSequencePoints="0" numBranchPoints="0" visitedBranchPoints="0" sequenceCoverage="0" branchCoverage="0" maxCyclomaticComplexity="0" minCyclomaticComplexity="0" visitedClasses="0" numClasses="1" visitedMethods="0" numMethods="1" />
          <FullName>AWillWebApp.Controllers.HomeController</FullName>
          <Methods>
            <Method cyclomaticComplexity="0" nPathComplexity="0" sequenceCoverage="0" branchCoverage="0" isConstructor="False" isGetter="False" isSetter="False" isStatic="True">
              <Summary numSequencePoints="3" visitedSequencePoints="0" numBranchPoints="0" visitedBranchPoints="0" sequenceCoverage="0" branchCoverage="0" maxCyclomaticComplexity="0" minCyclomaticComplexity="0" visitedClasses="0" numClasses="0" visitedMethods="0" numMethods="1" />
              <MetadataToken />
              <Name>Microsoft.AspNetCore.Mvc.IActionResult AWillWebApp.Controllers.HomeController::Index()</Name>
              <FileRef uid="8" />
              <SequencePoints>
                <SequencePoint vc="0" upsid="13" ordinal="0" sl="13" sc="1" el="13" ec="2" bec="0" bev="0" fileid="8" />
                <SequencePoint vc="0" upsid="14" ordinal="1" sl="14" sc="1" el="14" ec="2" bec="0" bev="0" fileid="8" />
                <SequencePoint vc="0" upsid="15" ordinal="2" sl="15" sc="1" el="15" ec="2" bec="0" bev="0" fileid="8" />
              </SequencePoints>
              <BranchPoints />
              <MethodPoint vc="0" upsid="0" p8:type="SequencePoint" ordinal="0" offset="0" sc="0" sl="13" ec="1" el="15" bec="0" bev="0" fileid="8" xmlns:p8="xsi" />
            </Method>
          </Methods>
        </Class>
        <Class>
          <Summary numSequencePoints="48" visitedSequencePoints="0" numBranchPoints="4" visitedBranchPoints="0" sequenceCoverage="0" branchCoverage="0" maxCyclomaticComplexity="0" minCyclomaticComplexity="0" visitedClasses="0" numClasses="1" visitedMethods="0" numMethods="7" />
          <FullName>AWillWebApp.Controllers.MonsterController</FullName>
          <Methods>
            <Method cyclomaticComplexity="0" nPathComplexity="0" sequenceCoverage="0" branchCoverage="0" isConstructor="False" isGetter="False" isSetter="False" isStatic="True">
              <Summary numSequencePoints="4" visitedSequencePoints="0" numBranchPoints="0" visitedBranchPoints="0" sequenceCoverage="0" branchCoverage="0" maxCyclomaticComplexity="0" minCyclomaticComplexity="0" visitedClasses="0" numClasses="0" visitedMethods="0" numMethods="1" />
              <MetadataToken />
              <Name>System.Threading.Tasks.Task`1&lt;System.Collections.Generic.IEnumerable`1&lt;AWillWebApp.Inside.Models.SearchResult&gt;&gt; AWillWebApp.Controllers.MonsterController::GetAllMonsterNames()</Name>
              <FileRef uid="9" />
              <SequencePoints>
                <SequencePoint vc="0" upsid="37" ordinal="0" sl="37" sc="1" el="37" ec="2" bec="0" bev="0" fileid="9" />
                <SequencePoint vc="0" upsid="38" ordinal="1" sl="38" sc="1" el="38" ec="2" bec="0" bev="0" fileid="9" />
                <SequencePoint vc="0" upsid="39" ordinal="2" sl="39" sc="1" el="39" ec="2" bec="0" bev="0" fileid="9" />
                <SequencePoint vc="0" upsid="40" ordinal="3" sl="40" sc="1" el="40" ec="2" bec="0" bev="0" fileid="9" />
              </SequencePoints>
              <BranchPoints />
              <MethodPoint vc="0" upsid="0" p8:type="SequencePoint" ordinal="0" offset="0" sc="0" sl="37" ec="1" el="40" bec="0" bev="0" fileid="9" xmlns:p8="xsi" />
            </Method>
            <Method cyclomaticComplexity="0" nPathComplexity="0" sequenceCoverage="0" branchCoverage="0" isConstructor="False" isGetter="False" isSetter="False" isStatic="True">
              <Summary numSequencePoints="4" visitedSequencePoints="0" numBranchPoints="0" visitedBranchPoints="0" sequenceCoverage="0" branchCoverage="0" maxCyclomaticComplexity="0" minCyclomaticComplexity="0" visitedClasses="0" numClasses="0" visitedMethods="0" numMethods="1" />
              <MetadataToken />
              <Name>System.Threading.Tasks.Task`1&lt;System.Collections.Generic.IEnumerable`1&lt;AWillWebApp.Inside.Models.SearchResult&gt;&gt; AWillWebApp.Controllers.MonsterController::SearchMonsterNames(System.String)</Name>
              <FileRef uid="9" />
              <SequencePoints>
                <SequencePoint vc="0" upsid="46" ordinal="0" sl="46" sc="1" el="46" ec="2" bec="0" bev="0" fileid="9" />
                <SequencePoint vc="0" upsid="47" ordinal="1" sl="47" sc="1" el="47" ec="2" bec="0" bev="0" fileid="9" />
                <SequencePoint vc="0" upsid="48" ordinal="2" sl="48" sc="1" el="48" ec="2" bec="0" bev="0" fileid="9" />
                <SequencePoint vc="0" upsid="49" ordinal="3" sl="49" sc="1" el="49" ec="2" bec="0" bev="0" fileid="9" />
              </SequencePoints>
              <BranchPoints />
              <MethodPoint vc="0" upsid="0" p8:type="SequencePoint" ordinal="1" offset="1" sc="0" sl="46" ec="1" el="49" bec="0" bev="0" fileid="9" xmlns:p8="xsi" />
            </Method>
            <Method cyclomaticComplexity="0" nPathComplexity="0" sequenceCoverage="0" branchCoverage="0" isConstructor="False" isGetter="False" isSetter="False" isStatic="True">
              <Summary numSequencePoints="15" visitedSequencePoints="0" numBranchPoints="4" visitedBranchPoints="0" sequenceCoverage="0" branchCoverage="0" maxCyclomaticComplexity="0" minCyclomaticComplexity="0" visitedClasses="0" numClasses="0" visitedMethods="0" numMethods="1" />
              <MetadataToken />
              <Name>System.Void AWillWebApp.Controllers.MonsterController::LogResponseSize(Microsoft.Extensions.Logging.ILogger`1&lt;AWillWebApp.Controllers.MonsterController&gt;,System.String)</Name>
              <FileRef uid="9" />
              <SequencePoints>
                <SequencePoint vc="0" upsid="90" ordinal="0" sl="90" sc="1" el="90" ec="2" bec="0" bev="0" fileid="9" />
                <SequencePoint vc="0" upsid="91" ordinal="1" sl="91" sc="1" el="91" ec="2" bec="0" bev="0" fileid="9" />
                <SequencePoint vc="0" upsid="92" ordinal="2" sl="92" sc="1" el="92" ec="2" bec="0" bev="0" fileid="9" />
                <SequencePoint vc="0" upsid="94" ordinal="3" sl="94" sc="1" el="94" ec="2" bec="0" bev="0" fileid="9" />
                <SequencePoint vc="0" upsid="95" ordinal="4" sl="95" sc="1" el="95" ec="2" bec="0" bev="0" fileid="9" />
                <SequencePoint vc="0" upsid="96" ordinal="5" sl="96" sc="1" el="96" ec="2" bec="0" bev="0" fileid="9" />
                <SequencePoint vc="0" upsid="97" ordinal="6" sl="97" sc="1" el="97" ec="2" bec="0" bev="0" fileid="9" />
                <SequencePoint vc="0" upsid="98" ordinal="7" sl="98" sc="1" el="98" ec="2" bec="0" bev="0" fileid="9" />
                <SequencePoint vc="0" upsid="99" ordinal="8" sl="99" sc="1" el="99" ec="2" bec="0" bev="0" fileid="9" />
                <SequencePoint vc="0" upsid="100" ordinal="9" sl="100" sc="1" el="100" ec="2" bec="0" bev="0" fileid="9" />
                <SequencePoint vc="0" upsid="101" ordinal="10" sl="101" sc="1" el="101" ec="2" bec="0" bev="0" fileid="9" />
                <SequencePoint vc="0" upsid="102" ordinal="11" sl="102" sc="1" el="102" ec="2" bec="0" bev="0" fileid="9" />
                <SequencePoint vc="0" upsid="103" ordinal="12" sl="103" sc="1" el="103" ec="2" bec="0" bev="0" fileid="9" />
                <SequencePoint vc="0" upsid="105" ordinal="13" sl="105" sc="1" el="105" ec="2" bec="0" bev="0" fileid="9" />
                <SequencePoint vc="0" upsid="106" ordinal="14" sl="106" sc="1" el="106" ec="2" bec="0" bev="0" fileid="9" />
              </SequencePoints>
              <BranchPoints>
                <BranchPoint vc="0" upsid="94" ordinal="0" path="0" offset="25" offsetend="27" sl="94" fileid="9" />
                <BranchPoint vc="0" upsid="94" ordinal="1" path="1" offset="25" offsetend="57" sl="94" fileid="9" />
                <BranchPoint vc="0" upsid="99" ordinal="2" path="0" offset="70" offsetend="72" sl="99" fileid="9" />
                <BranchPoint vc="0" upsid="99" ordinal="3" path="1" offset="70" offsetend="102" sl="99" fileid="9" />
              </BranchPoints>
              <MethodPoint vc="0" upsid="0" p8:type="SequencePoint" ordinal="2" offset="2" sc="0" sl="90" ec="1" el="106" bec="0" bev="0" fileid="9" xmlns:p8="xsi" />
            </Method>
            <Method cyclomaticComplexity="0" nPathComplexity="0" sequenceCoverage="0" branchCoverage="0" isConstructor="False" isGetter="False" isSetter="False" isStatic="True">
              <Summary numSequencePoints="16" visitedSequencePoints="0" numBranchPoints="0" visitedBranchPoints="0" sequenceCoverage="0" branchCoverage="0" maxCyclomaticComplexity="0" minCyclomaticComplexity="0" visitedClasses="0" numClasses="0" visitedMethods="0" numMethods="1" />
              <MetadataToken />
              <Name>AWillWebApp.Inside.Models.Monster AWillWebApp.Controllers.MonsterController::StripMonsterImages(AWillWebApp.Inside.Models.Monster)</Name>
              <FileRef uid="9" />
              <SequencePoints>
                <SequencePoint vc="0" upsid="109" ordinal="0" sl="109" sc="1" el="109" ec="2" bec="0" bev="0" fileid="9" />
                <SequencePoint vc="0" upsid="110" ordinal="1" sl="110" sc="1" el="110" ec="2" bec="0" bev="0" fileid="9" />
                <SequencePoint vc="0" upsid="111" ordinal="2" sl="111" sc="1" el="111" ec="2" bec="0" bev="0" fileid="9" />
                <SequencePoint vc="0" upsid="112" ordinal="3" sl="112" sc="1" el="112" ec="2" bec="0" bev="0" fileid="9" />
                <SequencePoint vc="0" upsid="113" ordinal="4" sl="113" sc="1" el="113" ec="2" bec="0" bev="0" fileid="9" />
                <SequencePoint vc="0" upsid="114" ordinal="5" sl="114" sc="1" el="114" ec="2" bec="0" bev="0" fileid="9" />
                <SequencePoint vc="0" upsid="115" ordinal="6" sl="115" sc="1" el="115" ec="2" bec="0" bev="0" fileid="9" />
                <SequencePoint vc="0" upsid="116" ordinal="7" sl="116" sc="1" el="116" ec="2" bec="0" bev="0" fileid="9" />
                <SequencePoint vc="0" upsid="117" ordinal="8" sl="117" sc="1" el="117" ec="2" bec="0" bev="0" fileid="9" />
                <SequencePoint vc="0" upsid="118" ordinal="9" sl="118" sc="1" el="118" ec="2" bec="0" bev="0" fileid="9" />
                <SequencePoint vc="0" upsid="119" ordinal="10" sl="119" sc="1" el="119" ec="2" bec="0" bev="0" fileid="9" />
                <SequencePoint vc="0" upsid="120" ordinal="11" sl="120" sc="1" el="120" ec="2" bec="0" bev="0" fileid="9" />
                <SequencePoint vc="0" upsid="121" ordinal="12" sl="121" sc="1" el="121" ec="2" bec="0" bev="0" fileid="9" />
                <SequencePoint vc="0" upsid="122" ordinal="13" sl="122" sc="1" el="122" ec="2" bec="0" bev="0" fileid="9" />
                <SequencePoint vc="0" upsid="123" ordinal="14" sl="123" sc="1" el="123" ec="2" bec="0" bev="0" fileid="9" />
                <SequencePoint vc="0" upsid="124" ordinal="15" sl="124" sc="1" el="124" ec="2" bec="0" bev="0" fileid="9" />
              </SequencePoints>
              <BranchPoints />
              <MethodPoint vc="0" upsid="0" p8:type="SequencePoint" ordinal="3" offset="3" sc="0" sl="109" ec="1" el="124" bec="0" bev="0" fileid="9" xmlns:p8="xsi" />
            </Method>
            <Method cyclomaticComplexity="0" nPathComplexity="0" sequenceCoverage="0" branchCoverage="0" isConstructor="False" isGetter="False" isSetter="False" isStatic="True">
              <Summary numSequencePoints="1" visitedSequencePoints="0" numBranchPoints="0" visitedBranchPoints="0" sequenceCoverage="0" branchCoverage="0" maxCyclomaticComplexity="0" minCyclomaticComplexity="0" visitedClasses="0" numClasses="0" visitedMethods="0" numMethods="1" />
              <MetadataToken />
              <Name>System.Collections.Generic.IEnumerable`1&lt;AWillWebApp.Inside.Models.Monster&gt; AWillWebApp.Controllers.MonsterController::StripMonsterImages(System.Collections.Generic.IEnumerable`1&lt;AWillWebApp.Inside.Models.Monster&gt;)</Name>
              <FileRef uid="9" />
              <SequencePoints>
                <SequencePoint vc="0" upsid="126" ordinal="0" sl="126" sc="1" el="126" ec="2" bec="0" bev="0" fileid="9" />
              </SequencePoints>
              <BranchPoints />
              <MethodPoint vc="0" upsid="0" p8:type="SequencePoint" ordinal="4" offset="4" sc="0" sl="126" ec="1" el="126" bec="0" bev="0" fileid="9" xmlns:p8="xsi" />
            </Method>
            <Method cyclomaticComplexity="0" nPathComplexity="0" sequenceCoverage="0" branchCoverage="0" isConstructor="False" isGetter="False" isSetter="False" isStatic="True">
              <Summary numSequencePoints="3" visitedSequencePoints="0" numBranchPoints="0" visitedBranchPoints="0" sequenceCoverage="0" branchCoverage="0" maxCyclomaticComplexity="0" minCyclomaticComplexity="0" visitedClasses="0" numClasses="0" visitedMethods="0" numMethods="1" />
              <MetadataToken />
              <Name>System.Void AWillWebApp.Controllers.MonsterController::LogResponseSize(System.String)</Name>
              <FileRef uid="9" />
              <SequencePoints>
                <SequencePoint vc="0" upsid="129" ordinal="0" sl="129" sc="1" el="129" ec="2" bec="0" bev="0" fileid="9" />
                <SequencePoint vc="0" upsid="130" ordinal="1" sl="130" sc="1" el="130" ec="2" bec="0" bev="0" fileid="9" />
                <SequencePoint vc="0" upsid="131" ordinal="2" sl="131" sc="1" el="131" ec="2" bec="0" bev="0" fileid="9" />
              </SequencePoints>
              <BranchPoints />
              <MethodPoint vc="0" upsid="0" p8:type="SequencePoint" ordinal="5" offset="5" sc="0" sl="129" ec="1" el="131" bec="0" bev="0" fileid="9" xmlns:p8="xsi" />
            </Method>
            <Method cyclomaticComplexity="0" nPathComplexity="0" sequenceCoverage="0" branchCoverage="0" isConstructor="True" isGetter="False" isSetter="False" isStatic="True">
              <Summary numSequencePoints="5" visitedSequencePoints="0" numBranchPoints="0" visitedBranchPoints="0" sequenceCoverage="0" branchCoverage="0" maxCyclomaticComplexity="0" minCyclomaticComplexity="0" visitedClasses="0" numClasses="0" visitedMethods="0" numMethods="1" />
              <MetadataToken />
              <Name>System.Void AWillWebApp.Controllers.MonsterController::.ctor(AWillWebApp.Inside.Services.IMonsterService,Microsoft.Extensions.Logging.ILogger`1&lt;AWillWebApp.Controllers.MonsterController&gt;)</Name>
              <FileRef uid="9" />
              <SequencePoints>
                <SequencePoint vc="0" upsid="27" ordinal="0" sl="27" sc="1" el="27" ec="2" bec="0" bev="0" fileid="9" />
                <SequencePoint vc="0" upsid="28" ordinal="1" sl="28" sc="1" el="28" ec="2" bec="0" bev="0" fileid="9" />
                <SequencePoint vc="0" upsid="29" ordinal="2" sl="29" sc="1" el="29" ec="2" bec="0" bev="0" fileid="9" />
                <SequencePoint vc="0" upsid="30" ordinal="3" sl="30" sc="1" el="30" ec="2" bec="0" bev="0" fileid="9" />
                <SequencePoint vc="0" upsid="31" ordinal="4" sl="31" sc="1" el="31" ec="2" bec="0" bev="0" fileid="9" />
              </SequencePoints>
              <BranchPoints />
              <MethodPoint vc="0" upsid="0" p8:type="SequencePoint" ordinal="6" offset="6" sc="0" sl="27" ec="1" el="31" bec="0" bev="0" fileid="9" xmlns:p8="xsi" />
            </Method>
          </Methods>
        </Class>
        <Class>
          <Summary numSequencePoints="11" visitedSequencePoints="0" numBranchPoints="4" visitedBranchPoints="0" sequenceCoverage="0" branchCoverage="0" maxCyclomaticComplexity="0" minCyclomaticComplexity="0" visitedClasses="0" numClasses="1" visitedMethods="0" numMethods="1" />
          <FullName>AWillWebApp.Controllers.MonsterController/&lt;GetAllMonstersAsync&gt;d__7</FullName>
          <Methods>
            <Method cyclomaticComplexity="0" nPathComplexity="0" sequenceCoverage="0" branchCoverage="0" isConstructor="False" isGetter="False" isSetter="False" isStatic="True">
              <Summary numSequencePoints="11" visitedSequencePoints="0" numBranchPoints="4" visitedBranchPoints="0" sequenceCoverage="0" branchCoverage="0" maxCyclomaticComplexity="0" minCyclomaticComplexity="0" visitedClasses="0" numClasses="0" visitedMethods="0" numMethods="1" />
              <MetadataToken />
              <Name>System.Void AWillWebApp.Controllers.MonsterController/&lt;GetAllMonstersAsync&gt;d__7::MoveNext()</Name>
              <FileRef uid="9" />
              <SequencePoints>
                <SequencePoint vc="0" upsid="55" ordinal="0" sl="55" sc="1" el="55" ec="2" bec="0" bev="0" fileid="9" />
                <SequencePoint vc="0" upsid="56" ordinal="1" sl="56" sc="1" el="56" ec="2" bec="0" bev="0" fileid="9" />
                <SequencePoint vc="0" upsid="57" ordinal="2" sl="57" sc="1" el="57" ec="2" bec="0" bev="0" fileid="9" />
                <SequencePoint vc="0" upsid="58" ordinal="3" sl="58" sc="1" el="58" ec="2" bec="0" bev="0" fileid="9" />
                <SequencePoint vc="0" upsid="60" ordinal="4" sl="60" sc="1" el="60" ec="2" bec="0" bev="0" fileid="9" />
                <SequencePoint vc="0" upsid="61" ordinal="5" sl="61" sc="1" el="61" ec="2" bec="0" bev="0" fileid="9" />
                <SequencePoint vc="0" upsid="62" ordinal="6" sl="62" sc="1" el="62" ec="2" bec="0" bev="0" fileid="9" />
                <SequencePoint vc="0" upsid="63" ordinal="7" sl="63" sc="1" el="63" ec="2" bec="0" bev="0" fileid="9" />
                <SequencePoint vc="0" upsid="65" ordinal="8" sl="65" sc="1" el="65" ec="2" bec="0" bev="0" fileid="9" />
                <SequencePoint vc="0" upsid="67" ordinal="9" sl="67" sc="1" el="67" ec="2" bec="0" bev="0" fileid="9" />
                <SequencePoint vc="0" upsid="68" ordinal="10" sl="68" sc="1" el="68" ec="2" bec="0" bev="0" fileid="9" />
              </SequencePoints>
              <BranchPoints>
                <BranchPoint vc="0" upsid="57" ordinal="0" path="0" offset="71" offsetend="73" sl="57" fileid="9" />
                <BranchPoint vc="0" upsid="57" ordinal="1" path="1" offset="71" offsetend="140" sl="57" fileid="9" />
                <BranchPoint vc="0" upsid="60" ordinal="2" path="0" offset="244" offsetend="246" sl="60" fileid="9" />
                <BranchPoint vc="0" upsid="60" ordinal="3" path="1" offset="244" offsetend="265" sl="60" fileid="9" />
              </BranchPoints>
              <MethodPoint vc="0" upsid="0" p8:type="SequencePoint" ordinal="0" offset="0" sc="0" sl="55" ec="1" el="68" bec="0" bev="0" fileid="9" xmlns:p8="xsi" />
            </Method>
          </Methods>
        </Class>
        <Class>
          <Summary numSequencePoints="10" visitedSequencePoints="0" numBranchPoints="4" visitedBranchPoints="0" sequenceCoverage="0" branchCoverage="0" maxCyclomaticComplexity="0" minCyclomaticComplexity="0" visitedClasses="0" numClasses="1" visitedMethods="0" numMethods="1" />
          <FullName>AWillWebApp.Controllers.MonsterController/&lt;GetMonsterByIdAsync&gt;d__8</FullName>
          <Methods>
            <Method cyclomaticComplexity="0" nPathComplexity="0" sequenceCoverage="0" branchCoverage="0" isConstructor="False" isGetter="False" isSetter="False" isStatic="True">
              <Summary numSequencePoints="10" visitedSequencePoints="0" numBranchPoints="4" visitedBranchPoints="0" sequenceCoverage="0" branchCoverage="0" maxCyclomaticComplexity="0" minCyclomaticComplexity="0" visitedClasses="0" numClasses="0" visitedMethods="0" numMethods="1" />
              <MetadataToken />
              <Name>System.Void AWillWebApp.Controllers.MonsterController/&lt;GetMonsterByIdAsync&gt;d__8::MoveNext()</Name>
              <FileRef uid="9" />
              <SequencePoints>
                <SequencePoint vc="0" upsid="75" ordinal="0" sl="75" sc="1" el="75" ec="2" bec="0" bev="0" fileid="9" />
                <SequencePoint vc="0" upsid="76" ordinal="1" sl="76" sc="1" el="76" ec="2" bec="0" bev="0" fileid="9" />
                <SequencePoint vc="0" upsid="77" ordinal="2" sl="77" sc="1" el="77" ec="2" bec="0" bev="0" fileid="9" />
                <SequencePoint vc="0" upsid="79" ordinal="3" sl="79" sc="1" el="79" ec="2" bec="0" bev="0" fileid="9" />
                <SequencePoint vc="0" upsid="80" ordinal="4" sl="80" sc="1" el="80" ec="2" bec="0" bev="0" fileid="9" />
                <SequencePoint vc="0" upsid="81" ordinal="5" sl="81" sc="1" el="81" ec="2" bec="0" bev="0" fileid="9" />
                <SequencePoint vc="0" upsid="82" ordinal="6" sl="82" sc="1" el="82" ec="2" bec="0" bev="0" fileid="9" />
                <SequencePoint vc="0" upsid="84" ordinal="7" sl="84" sc="1" el="84" ec="2" bec="0" bev="0" fileid="9" />
                <SequencePoint vc="0" upsid="86" ordinal="8" sl="86" sc="1" el="86" ec="2" bec="0" bev="0" fileid="9" />
                <SequencePoint vc="0" upsid="87" ordinal="9" sl="87" sc="1" el="87" ec="2" bec="0" bev="0" fileid="9" />
              </SequencePoints>
              <BranchPoints>
                <BranchPoint vc="0" upsid="77" ordinal="0" path="0" offset="107" offsetend="109" sl="77" fileid="9" />
                <BranchPoint vc="0" upsid="77" ordinal="1" path="1" offset="107" offsetend="176" sl="77" fileid="9" />
                <BranchPoint vc="0" upsid="79" ordinal="2" path="0" offset="221" offsetend="223" sl="79" fileid="9" />
                <BranchPoint vc="0" upsid="79" ordinal="3" path="1" offset="221" offsetend="242" sl="79" fileid="9" />
              </BranchPoints>
              <MethodPoint vc="0" upsid="0" p8:type="SequencePoint" ordinal="0" offset="0" sc="0" sl="75" ec="1" el="87" bec="0" bev="0" fileid="9" xmlns:p8="xsi" />
            </Method>
          </Methods>
        </Class>
        <Class>
          <Summary numSequencePoints="21" visitedSequencePoints="0" numBranchPoints="4" visitedBranchPoints="0" sequenceCoverage="0" branchCoverage="0" maxCyclomaticComplexity="0" minCyclomaticComplexity="0" visitedClasses="0" numClasses="1" visitedMethods="0" numMethods="3" />
          <FullName>AWillWebApp.Controllers.UserAccountController</FullName>
          <Methods>
            <Method cyclomaticComplexity="0" nPathComplexity="0" sequenceCoverage="0" branchCoverage="0" isConstructor="False" isGetter="False" isSetter="False" isStatic="True">
              <Summary numSequencePoints="4" visitedSequencePoints="0" numBranchPoints="0" visitedBranchPoints="0" sequenceCoverage="0" branchCoverage="0" maxCyclomaticComplexity="0" minCyclomaticComplexity="0" visitedClasses="0" numClasses="0" visitedMethods="0" numMethods="1" />
              <MetadataToken />
              <Name>System.Threading.Tasks.Task`1&lt;System.Collections.Generic.IEnumerable`1&lt;AWillWebApp.Inside.Models.UserAccount&gt;&gt; AWillWebApp.Controllers.UserAccountController::GetAllUserAccounts()</Name>
              <FileRef uid="10" />
              <SequencePoints>
                <SequencePoint vc="0" upsid="31" ordinal="0" sl="31" sc="1" el="31" ec="2" bec="0" bev="0" fileid="10" />
                <SequencePoint vc="0" upsid="32" ordinal="1" sl="32" sc="1" el="32" ec="2" bec="0" bev="0" fileid="10" />
                <SequencePoint vc="0" upsid="33" ordinal="2" sl="33" sc="1" el="33" ec="2" bec="0" bev="0" fileid="10" />
                <SequencePoint vc="0" upsid="34" ordinal="3" sl="34" sc="1" el="34" ec="2" bec="0" bev="0" fileid="10" />
              </SequencePoints>
              <BranchPoints />
              <MethodPoint vc="0" upsid="0" p8:type="SequencePoint" ordinal="0" offset="0" sc="0" sl="31" ec="1" el="34" bec="0" bev="0" fileid="10" xmlns:p8="xsi" />
            </Method>
            <Method cyclomaticComplexity="0" nPathComplexity="0" sequenceCoverage="0" branchCoverage="0" isConstructor="False" isGetter="False" isSetter="False" isStatic="True">
              <Summary numSequencePoints="12" visitedSequencePoints="0" numBranchPoints="4" visitedBranchPoints="0" sequenceCoverage="0" branchCoverage="0" maxCyclomaticComplexity="0" minCyclomaticComplexity="0" visitedClasses="0" numClasses="0" visitedMethods="0" numMethods="1" />
              <MetadataToken />
              <Name>System.Threading.Tasks.Task`1&lt;AWillWebApp.Inside.Models.UserAccount&gt; AWillWebApp.Controllers.UserAccountController::GetUserAccount(System.String)</Name>
              <FileRef uid="10" />
              <SequencePoints>
                <SequencePoint vc="0" upsid="42" ordinal="0" sl="42" sc="1" el="42" ec="2" bec="0" bev="0" fileid="10" />
                <SequencePoint vc="0" upsid="43" ordinal="1" sl="43" sc="1" el="43" ec="2" bec="0" bev="0" fileid="10" />
                <SequencePoint vc="0" upsid="44" ordinal="2" sl="44" sc="1" el="44" ec="2" bec="0" bev="0" fileid="10" />
                <SequencePoint vc="0" upsid="45" ordinal="3" sl="45" sc="1" el="45" ec="2" bec="0" bev="0" fileid="10" />
                <SequencePoint vc="0" upsid="46" ordinal="4" sl="46" sc="1" el="46" ec="2" bec="0" bev="0" fileid="10" />
                <SequencePoint vc="0" upsid="49" ordinal="5" sl="49" sc="1" el="49" ec="2" bec="0" bev="0" fileid="10" />
                <SequencePoint vc="0" upsid="50" ordinal="6" sl="50" sc="1" el="50" ec="2" bec="0" bev="0" fileid="10" />
                <SequencePoint vc="0" upsid="51" ordinal="7" sl="51" sc="1" el="51" ec="2" bec="0" bev="0" fileid="10" />
                <SequencePoint vc="0" upsid="52" ordinal="8" sl="52" sc="1" el="52" ec="2" bec="0" bev="0" fileid="10" />
                <SequencePoint vc="0" upsid="55" ordinal="9" sl="55" sc="1" el="55" ec="2" bec="0" bev="0" fileid="10" />
                <SequencePoint vc="0" upsid="56" ordinal="10" sl="56" sc="1" el="56" ec="2" bec="0" bev="0" fileid="10" />
                <SequencePoint vc="0" upsid="57" ordinal="11" sl="57" sc="1" el="57" ec="2" bec="0" bev="0" fileid="10" />
              </SequencePoints>
              <BranchPoints>
                <BranchPoint vc="0" upsid="43" ordinal="0" path="0" offset="11" offsetend="13" sl="43" fileid="10" />
                <BranchPoint vc="0" upsid="43" ordinal="1" path="1" offset="11" offsetend="62" sl="43" fileid="10" />
                <BranchPoint vc="0" upsid="49" ordinal="2" path="0" offset="74" offsetend="76" sl="49" fileid="10" />
                <BranchPoint vc="0" upsid="49" ordinal="3" path="1" offset="74" offsetend="125" sl="49" fileid="10" />
              </BranchPoints>
              <MethodPoint vc="0" upsid="0" p8:type="SequencePoint" ordinal="1" offset="1" sc="0" sl="42" ec="1" el="57" bec="0" bev="0" fileid="10" xmlns:p8="xsi" />
            </Method>
            <Method cyclomaticComplexity="0" nPathComplexity="0" sequenceCoverage="0" branchCoverage="0" isConstructor="True" isGetter="False" isSetter="False" isStatic="True">
              <Summary numSequencePoints="5" visitedSequencePoints="0" numBranchPoints="0" visitedBranchPoints="0" sequenceCoverage="0" branchCoverage="0" maxCyclomaticComplexity="0" minCyclomaticComplexity="0" visitedClasses="0" numClasses="0" visitedMethods="0" numMethods="1" />
              <MetadataToken />
              <Name>System.Void AWillWebApp.Controllers.UserAccountController::.ctor(AWillWebApp.Outside.Repositories.IUserAccountRepository,Microsoft.Extensions.Logging.ILogger`1&lt;AWillWebApp.Controllers.UserAccountController&gt;)</Name>
              <FileRef uid="10" />
              <SequencePoints>
                <SequencePoint vc="0" upsid="22" ordinal="0" sl="22" sc="1" el="22" ec="2" bec="0" bev="0" fileid="10" />
                <SequencePoint vc="0" upsid="23" ordinal="1" sl="23" sc="1" el="23" ec="2" bec="0" bev="0" fileid="10" />
                <SequencePoint vc="0" upsid="24" ordinal="2" sl="24" sc="1" el="24" ec="2" bec="0" bev="0" fileid="10" />
                <SequencePoint vc="0" upsid="25" ordinal="3" sl="25" sc="1" el="25" ec="2" bec="0" bev="0" fileid="10" />
                <SequencePoint vc="0" upsid="26" ordinal="4" sl="26" sc="1" el="26" ec="2" bec="0" bev="0" fileid="10" />
              </SequencePoints>
              <BranchPoints />
              <MethodPoint vc="0" upsid="0" p8:type="SequencePoint" ordinal="2" offset="2" sc="0" sl="22" ec="1" el="26" bec="0" bev="0" fileid="10" xmlns:p8="xsi" />
            </Method>
          </Methods>
        </Class>
        <Class>
          <Summary numSequencePoints="5" visitedSequencePoints="0" numBranchPoints="0" visitedBranchPoints="0" sequenceCoverage="0" branchCoverage="0" maxCyclomaticComplexity="0" minCyclomaticComplexity="0" visitedClasses="0" numClasses="1" visitedMethods="0" numMethods="1" />
          <FullName>AWillWebApp.Controllers.UserAuthenticationController</FullName>
          <Methods>
            <Method cyclomaticComplexity="0" nPathComplexity="0" sequenceCoverage="0" branchCoverage="0" isConstructor="True" isGetter="False" isSetter="False" isStatic="True">
[...]
                <SequencePoint vc="22" upsid="10" ordinal="1" sl="10" sc="1" el="10" ec="2" bec="0" bev="0" fileid="16" />
                <SequencePoint vc="22" upsid="11" ordinal="2" sl="11" sc="1" el="11" ec="2" bec="0" bev="0" fileid="16" />
                <SequencePoint vc="22" upsid="12" ordinal="3" sl="12" sc="1" el="12" ec="2" bec="0" bev="0" fileid="16" />
                <SequencePoint vc="22" upsid="13" ordinal="4" sl="13" sc="1" el="13" ec="2" bec="0" bev="0" fileid="16" />
                <SequencePoint vc="22" upsid="14" ordinal="5" sl="14" sc="1" el="14" ec="2" bec="0" bev="0" fileid="16" />
                <SequencePoint vc="22" upsid="15" ordinal="6" sl="15" sc="1" el="15" ec="2" bec="0" bev="0" fileid="16" />
                <SequencePoint vc="22" upsid="16" ordinal="7" sl="16" sc="1" el="16" ec="2" bec="0" bev="0" fileid="16" />
              </SequencePoints>
              <BranchPoints />
              <MethodPoint vc="8" upsid="0" p8:type="SequencePoint" ordinal="5" offset="5" sc="0" sl="9" ec="1" el="16" bec="0" bev="0" fileid="16" xmlns:p8="xsi" />
            </Method>
            <Method cyclomaticComplexity="0" nPathComplexity="0" sequenceCoverage="0" branchCoverage="0" isConstructor="True" isGetter="False" isSetter="False" isStatic="True">
              <Summary numSequencePoints="8" visitedSequencePoints="0" numBranchPoints="0" visitedBranchPoints="0" sequenceCoverage="0" branchCoverage="0" maxCyclomaticComplexity="0" minCyclomaticComplexity="0" visitedClasses="0" numClasses="0" visitedMethods="0" numMethods="1" />
              <MetadataToken />
              <Name>System.Void AWillWebApp.Inside.Models.SearchResult::.ctor(System.Int32,System.String,System.String,System.String,System.String)</Name>
              <FileRef uid="16" />
              <SequencePoints>
                <SequencePoint vc="0" upsid="18" ordinal="0" sl="18" sc="1" el="18" ec="2" bec="0" bev="0" fileid="16" />
                <SequencePoint vc="0" upsid="19" ordinal="1" sl="19" sc="1" el="19" ec="2" bec="0" bev="0" fileid="16" />
                <SequencePoint vc="0" upsid="20" ordinal="2" sl="20" sc="1" el="20" ec="2" bec="0" bev="0" fileid="16" />
                <SequencePoint vc="0" upsid="21" ordinal="3" sl="21" sc="1" el="21" ec="2" bec="0" bev="0" fileid="16" />
                <SequencePoint vc="0" upsid="22" ordinal="4" sl="22" sc="1" el="22" ec="2" bec="0" bev="0" fileid="16" />
                <SequencePoint vc="0" upsid="23" ordinal="5" sl="23" sc="1" el="23" ec="2" bec="0" bev="0" fileid="16" />
                <SequencePoint vc="0" upsid="24" ordinal="6" sl="24" sc="1" el="24" ec="2" bec="0" bev="0" fileid="16" />
                <SequencePoint vc="0" upsid="25" ordinal="7" sl="25" sc="1" el="25" ec="2" bec="0" bev="0" fileid="16" />
              </SequencePoints>
              <BranchPoints />
              <MethodPoint vc="0" upsid="0" p8:type="SequencePoint" ordinal="6" offset="6" sc="0" sl="18" ec="1" el="25" bec="0" bev="0" fileid="16" xmlns:p8="xsi" />
            </Method>
          </Methods>
        </Class>
        <Class>
          <Summary numSequencePoints="52" visitedSequencePoints="52" numBranchPoints="6" visitedBranchPoints="5" sequenceCoverage="1" branchCoverage="0.833" maxCyclomaticComplexity="0" minCyclomaticComplexity="0" visitedClasses="1" numClasses="1" visitedMethods="10" numMethods="10" />
          <FullName>AWillWebApp.Inside.Models.UserAccount</FullName>
          <Methods>
            <Method cyclomaticComplexity="0" nPathComplexity="0" sequenceCoverage="1" branchCoverage="0" isConstructor="False" isGetter="True" isSetter="False" isStatic="True">
              <Summary numSequencePoints="1" visitedSequencePoints="1" numBranchPoints="0" visitedBranchPoints="0" sequenceCoverage="1" branchCoverage="0" maxCyclomaticComplexity="0" minCyclomaticComplexity="0" visitedClasses="0" numClasses="0" visitedMethods="1" numMethods="1" />
              <MetadataToken />
              <Name>System.Guid AWillWebApp.Inside.Models.UserAccount::get_Id()</Name>
              <FileRef uid="17" />
              <SequencePoints>
                <SequencePoint vc="55" upsid="31" ordinal="0" sl="31" sc="1" el="31" ec="2" bec="0" bev="0" fileid="17" />
              </SequencePoints>
              <BranchPoints />
              <MethodPoint vc="1" upsid="0" p8:type="SequencePoint" ordinal="0" offset="0" sc="0" sl="31" ec="1" el="31" bec="0" bev="0" fileid="17" xmlns:p8="xsi" />
            </Method>
            <Method cyclomaticComplexity="0" nPathComplexity="0" sequenceCoverage="1" branchCoverage="0" isConstructor="False" isGetter="True" isSetter="False" isStatic="True">
              <Summary numSequencePoints="1" visitedSequencePoints="1" numBranchPoints="0" visitedBranchPoints="0" sequenceCoverage="1" branchCoverage="0" maxCyclomaticComplexity="0" minCyclomaticComplexity="0" visitedClasses="0" numClasses="0" visitedMethods="1" numMethods="1" />
              <MetadataToken />
              <Name>System.Int32 AWillWebApp.Inside.Models.UserAccount::get_Number()</Name>
              <FileRef uid="17" />
              <SequencePoints>
                <SequencePoint vc="48" upsid="37" ordinal="0" sl="37" sc="1" el="37" ec="2" bec="0" bev="0" fileid="17" />
              </SequencePoints>
              <BranchPoints />
              <MethodPoint vc="1" upsid="0" p8:type="SequencePoint" ordinal="1" offset="1" sc="0" sl="37" ec="1" el="37" bec="0" bev="0" fileid="17" xmlns:p8="xsi" />
            </Method>
            <Method cyclomaticComplexity="0" nPathComplexity="0" sequenceCoverage="1" branchCoverage="0" isConstructor="False" isGetter="True" isSetter="False" isStatic="True">
              <Summary numSequencePoints="1" visitedSequencePoints="1" numBranchPoints="0" visitedBranchPoints="0" sequenceCoverage="1" branchCoverage="0" maxCyclomaticComplexity="0" minCyclomaticComplexity="0" visitedClasses="0" numClasses="0" visitedMethods="1" numMethods="1" />
              <MetadataToken />
              <Name>System.String AWillWebApp.Inside.Models.UserAccount::get_Username()</Name>
              <FileRef uid="17" />
              <SequencePoints>
                <SequencePoint vc="12" upsid="39" ordinal="0" sl="39" sc="1" el="39" ec="2" bec="0" bev="0" fileid="17" />
              </SequencePoints>
              <BranchPoints />
              <MethodPoint vc="1" upsid="0" p8:type="SequencePoint" ordinal="2" offset="2" sc="0" sl="39" ec="1" el="39" bec="0" bev="0" fileid="17" xmlns:p8="xsi" />
            </Method>
            <Method cyclomaticComplexity="0" nPathComplexity="0" sequenceCoverage="1" branchCoverage="0" isConstructor="False" isGetter="True" isSetter="False" isStatic="True">
              <Summary numSequencePoints="1" visitedSequencePoints="1" numBranchPoints="0" visitedBranchPoints="0" sequenceCoverage="1" branchCoverage="0" maxCyclomaticComplexity="0" minCyclomaticComplexity="0" visitedClasses="0" numClasses="0" visitedMethods="1" numMethods="1" />
              <MetadataToken />
              <Name>System.String AWillWebApp.Inside.Models.UserAccount::get_HashedPassword()</Name>
              <FileRef uid="17" />
              <SequencePoints>
                <SequencePoint vc="4" upsid="41" ordinal="0" sl="41" sc="1" el="41" ec="2" bec="0" bev="0" fileid="17" />
              </SequencePoints>
              <BranchPoints />
              <MethodPoint vc="1" upsid="0" p8:type="SequencePoint" ordinal="3" offset="3" sc="0" sl="41" ec="1" el="41" bec="0" bev="0" fileid="17" xmlns:p8="xsi" />
            </Method>
            <Method cyclomaticComplexity="0" nPathComplexity="0" sequenceCoverage="1" branchCoverage="0" isConstructor="False" isGetter="False" isSetter="False" isStatic="True">
              <Summary numSequencePoints="11" visitedSequencePoints="11" numBranchPoints="0" visitedBranchPoints="0" sequenceCoverage="1" branchCoverage="0" maxCyclomaticComplexity="0" minCyclomaticComplexity="0" visitedClasses="0" numClasses="0" visitedMethods="1" numMethods="1" />
              <MetadataToken />
              <Name>System.Boolean AWillWebApp.Inside.Models.UserAccount::VerifyPassword(System.String,System.String)</Name>
              <FileRef uid="17" />
              <SequencePoints>
                <SequencePoint vc="2" upsid="45" ordinal="0" sl="45" sc="1" el="45" ec="2" bec="0" bev="0" fileid="17" />
                <SequencePoint vc="2" upsid="48" ordinal="1" sl="48" sc="1" el="48" ec="2" bec="0" bev="0" fileid="17" />
                <SequencePoint vc="2" upsid="50" ordinal="2" sl="50" sc="1" el="50" ec="2" bec="0" bev="0" fileid="17" />
                <SequencePoint vc="2" upsid="52" ordinal="3" sl="52" sc="1" el="52" ec="2" bec="0" bev="0" fileid="17" />
                <SequencePoint vc="2" upsid="53" ordinal="4" sl="53" sc="1" el="53" ec="2" bec="0" bev="0" fileid="17" />
                <SequencePoint vc="2" upsid="55" ordinal="5" sl="55" sc="1" el="55" ec="2" bec="0" bev="0" fileid="17" />
                <SequencePoint vc="2" upsid="56" ordinal="6" sl="56" sc="1" el="56" ec="2" bec="0" bev="0" fileid="17" />
                <SequencePoint vc="2" upsid="57" ordinal="7" sl="57" sc="1" el="57" ec="2" bec="0" bev="0" fileid="17" />
                <SequencePoint vc="2" upsid="59" ordinal="8" sl="59" sc="1" el="59" ec="2" bec="0" bev="0" fileid="17" />
                <SequencePoint vc="2" upsid="61" ordinal="9" sl="61" sc="1" el="61" ec="2" bec="0" bev="0" fileid="17" />
                <SequencePoint vc="2" upsid="62" ordinal="10" sl="62" sc="1" el="62" ec="2" bec="0" bev="0" fileid="17" />
              </SequencePoints>
              <BranchPoints />
              <MethodPoint vc="11" upsid="0" p8:type="SequencePoint" ordinal="4" offset="4" sc="0" sl="45" ec="1" el="62" bec="0" bev="0" fileid="17" xmlns:p8="xsi" />
            </Method>
            <Method cyclomaticComplexity="0" nPathComplexity="0" sequenceCoverage="1" branchCoverage="1" isConstructor="False" isGetter="False" isSetter="False" isStatic="True">
              <Summary numSequencePoints="8" visitedSequencePoints="8" numBranchPoints="4" visitedBranchPoints="4" sequenceCoverage="1" branchCoverage="1" maxCyclomaticComplexity="0" minCyclomaticComplexity="0" visitedClasses="0" numClasses="0" visitedMethods="1" numMethods="1" />
              <MetadataToken />
              <Name>System.Boolean AWillWebApp.Inside.Models.UserAccount::ConstantTimeComparison(System.Byte[],System.Byte[])</Name>
              <FileRef uid="17" />
              <SequencePoints>
                <SequencePoint vc="2" upsid="65" ordinal="0" sl="65" sc="1" el="65" ec="2" bec="0" bev="0" fileid="17" />
                <SequencePoint vc="2" upsid="66" ordinal="1" sl="66" sc="1" el="66" ec="2" bec="0" bev="0" fileid="17" />
                <SequencePoint vc="68" upsid="67" ordinal="2" sl="67" sc="1" el="67" ec="2" bec="0" bev="0" fileid="17" />
                <SequencePoint vc="32" upsid="68" ordinal="3" sl="68" sc="1" el="68" ec="2" bec="0" bev="0" fileid="17" />
                <SequencePoint vc="32" upsid="69" ordinal="4" sl="69" sc="1" el="69" ec="2" bec="0" bev="0" fileid="17" />
                <SequencePoint vc="32" upsid="70" ordinal="5" sl="70" sc="1" el="70" ec="2" bec="0" bev="0" fileid="17" />
                <SequencePoint vc="2" upsid="72" ordinal="6" sl="72" sc="1" el="72" ec="2" bec="0" bev="0" fileid="17" />
                <SequencePoint vc="2" upsid="73" ordinal="7" sl="73" sc="1" el="73" ec="2" bec="0" bev="0" fileid="17" />
              </SequencePoints>
              <BranchPoints>
                <BranchPoint vc="32" upsid="67" ordinal="3" path="1" offset="46" offsetend="13" sl="67" fileid="17" />
                <BranchPoint vc="32" upsid="67" ordinal="0" path="0" offset="33" offsetend="35" sl="67" fileid="17" />
                <BranchPoint vc="2" upsid="67" ordinal="1" path="1" offset="33" offsetend="43" sl="67" fileid="17" />
                <BranchPoint vc="2" upsid="67" ordinal="2" path="0" offset="46" offsetend="48" sl="67" fileid="17" />
              </BranchPoints>
              <MethodPoint vc="8" upsid="0" p8:type="SequencePoint" ordinal="5" offset="5" sc="0" sl="65" ec="1" el="73" bec="0" bev="0" fileid="17" xmlns:p8="xsi" />
            </Method>
            <Method cyclomaticComplexity="0" nPathComplexity="0" sequenceCoverage="1" branchCoverage="0" isConstructor="False" isGetter="False" isSetter="False" isStatic="True">
              <Summary numSequencePoints="9" visitedSequencePoints="9" numBranchPoints="0" visitedBranchPoints="0" sequenceCoverage="1" branchCoverage="0" maxCyclomaticComplexity="0" minCyclomaticComplexity="0" visitedClasses="0" numClasses="0" visitedMethods="1" numMethods="1" />
              <MetadataToken />
              <Name>System.String AWillWebApp.Inside.Models.UserAccount::CreatePasswordHash(System.String,System.Byte[])</Name>
              <FileRef uid="17" />
              <SequencePoints>
                <SequencePoint vc="22" upsid="76" ordinal="0" sl="76" sc="1" el="76" ec="2" bec="0" bev="0" fileid="17" />
                <SequencePoint vc="22" upsid="77" ordinal="1" sl="77" sc="1" el="77" ec="2" bec="0" bev="0" fileid="17" />
                <SequencePoint vc="22" upsid="78" ordinal="2" sl="78" sc="1" el="78" ec="2" bec="0" bev="0" fileid="17" />
                <SequencePoint vc="22" upsid="79" ordinal="3" sl="79" sc="1" el="79" ec="2" bec="0" bev="0" fileid="17" />
                <SequencePoint vc="22" upsid="80" ordinal="4" sl="80" sc="1" el="80" ec="2" bec="0" bev="0" fileid="17" />
                <SequencePoint vc="22" upsid="81" ordinal="5" sl="81" sc="1" el="81" ec="2" bec="0" bev="0" fileid="17" />
                <SequencePoint vc="22" upsid="82" ordinal="6" sl="82" sc="1" el="82" ec="2" bec="0" bev="0" fileid="17" />
                <SequencePoint vc="22" upsid="83" ordinal="7" sl="83" sc="1" el="83" ec="2" bec="0" bev="0" fileid="17" />
                <SequencePoint vc="22" upsid="84" ordinal="8" sl="84" sc="1" el="84" ec="2" bec="0" bev="0" fileid="17" />
              </SequencePoints>
              <BranchPoints />
              <MethodPoint vc="9" upsid="0" p8:type="SequencePoint" ordinal="6" offset="6" sc="0" sl="76" ec="1" el="84" bec="0" bev="0" fileid="17" xmlns:p8="xsi" />
            </Method>
            <Method cyclomaticComplexity="0" nPathComplexity="0" sequenceCoverage="1" branchCoverage="0.5" isConstructor="False" isGetter="False" isSetter="False" isStatic="True">
              <Summary numSequencePoints="8" visitedSequencePoints="8" numBranchPoints="2" visitedBranchPoints="1" sequenceCoverage="1" branchCoverage="0.5" maxCyclomaticComplexity="0" minCyclomaticComplexity="0" visitedClasses="0" numClasses="0" visitedMethods="1" numMethods="1" />
              <MetadataToken />
              <Name>System.Byte[] AWillWebApp.Inside.Models.UserAccount::GenerateHashValue(System.String,System.Byte[],System.Int32)</Name>
              <FileRef uid="17" />
              <SequencePoints>
                <SequencePoint vc="24" upsid="87" ordinal="0" sl="87" sc="1" el="87" ec="2" bec="0" bev="0" fileid="17" />
                <SequencePoint vc="24" upsid="89" ordinal="1" sl="89" sc="1" el="89" ec="2" bec="0" bev="0" fileid="17" />
                <SequencePoint vc="24" upsid="90" ordinal="2" sl="90" sc="1" el="90" ec="2" bec="0" bev="0" fileid="17" />
                <SequencePoint vc="24" upsid="91" ordinal="3" sl="91" sc="1" el="91" ec="2" bec="0" bev="0" fileid="17" />
                <SequencePoint vc="24" upsid="92" ordinal="4" sl="92" sc="1" el="92" ec="2" bec="0" bev="0" fileid="17" />
                <SequencePoint vc="24" upsid="93" ordinal="5" sl="93" sc="1" el="93" ec="2" bec="0" bev="0" fileid="17" />
                <SequencePoint vc="24" upsid="95" ordinal="6" sl="95" sc="1" el="95" ec="2" bec="0" bev="0" fileid="17" />
                <SequencePoint vc="24" upsid="96" ordinal="7" sl="96" sc="1" el="96" ec="2" bec="0" bev="0" fileid="17" />
              </SequencePoints>
              <BranchPoints>
                <BranchPoint vc="24" upsid="89" ordinal="0" path="0" offset="7" offsetend="9" sl="89" fileid="17" />
                <BranchPoint vc="0" upsid="89" ordinal="1" path="1" offset="7" offsetend="12" sl="89" fileid="17" />
              </BranchPoints>
              <MethodPoint vc="8" upsid="0" p8:type="SequencePoint" ordinal="7" offset="7" sc="0" sl="87" ec="1" el="96" bec="0" bev="0" fileid="17" xmlns:p8="xsi" />
            </Method>
            <Method cyclomaticComplexity="0" nPathComplexity="0" sequenceCoverage="1" branchCoverage="0" isConstructor="False" isGetter="False" isSetter="False" isStatic="True">
              <Summary numSequencePoints="6" visitedSequencePoints="6" numBranchPoints="0" visitedBranchPoints="0" sequenceCoverage="1" branchCoverage="0" maxCyclomaticComplexity="0" minCyclomaticComplexity="0" visitedClasses="0" numClasses="0" visitedMethods="1" numMethods="1" />
              <MetadataToken />
              <Name>System.Byte[] AWillWebApp.Inside.Models.UserAccount::GenerateRandomSalt()</Name>
              <FileRef uid="17" />
              <SequencePoints>
                <SequencePoint vc="22" upsid="99" ordinal="0" sl="99" sc="1" el="99" ec="2" bec="0" bev="0" fileid="17" />
                <SequencePoint vc="22" upsid="100" ordinal="1" sl="100" sc="1" el="100" ec="2" bec="0" bev="0" fileid="17" />
                <SequencePoint vc="22" upsid="101" ordinal="2" sl="101" sc="1" el="101" ec="2" bec="0" bev="0" fileid="17" />
                <SequencePoint vc="22" upsid="102" ordinal="3" sl="102" sc="1" el="102" ec="2" bec="0" bev="0" fileid="17" />
                <SequencePoint vc="22" upsid="103" ordinal="4" sl="103" sc="1" el="103" ec="2" bec="0" bev="0" fileid="17" />
                <SequencePoint vc="22" upsid="104" ordinal="5" sl="104" sc="1" el="104" ec="2" bec="0" bev="0" fileid="17" />
              </SequencePoints>
              <BranchPoints />
              <MethodPoint vc="6" upsid="0" p8:type="SequencePoint" ordinal="8" offset="8" sc="0" sl="99" ec="1" el="104" bec="0" bev="0" fileid="17" xmlns:p8="xsi" />
            </Method>
            <Method cyclomaticComplexity="0" nPathComplexity="0" sequenceCoverage="1" branchCoverage="0" isConstructor="True" isGetter="False" isSetter="False" isStatic="True">
              <Summary numSequencePoints="6" visitedSequencePoints="6" numBranchPoints="0" visitedBranchPoints="0" sequenceCoverage="1" branchCoverage="0" maxCyclomaticComplexity="0" minCyclomaticComplexity="0" visitedClasses="0" numClasses="0" visitedMethods="1" numMethods="1" />
              <MetadataToken />
              <Name>System.Void AWillWebApp.Inside.Models.UserAccount::.ctor(System.String,System.String)</Name>
              <FileRef uid="17" />
              <SequencePoints>
                <SequencePoint vc="22" upsid="18" ordinal="0" sl="18" sc="1" el="18" ec="2" bec="0" bev="0" fileid="17" />
                <SequencePoint vc="22" upsid="19" ordinal="1" sl="19" sc="1" el="19" ec="2" bec="0" bev="0" fileid="17" />
                <SequencePoint vc="22" upsid="20" ordinal="2" sl="20" sc="1" el="20" ec="2" bec="0" bev="0" fileid="17" />
                <SequencePoint vc="22" upsid="22" ordinal="3" sl="22" sc="1" el="22" ec="2" bec="0" bev="0" fileid="17" />
                <SequencePoint vc="22" upsid="23" ordinal="4" sl="23" sc="1" el="23" ec="2" bec="0" bev="0" fileid="17" />
                <SequencePoint vc="22" upsid="24" ordinal="5" sl="24" sc="1" el="24" ec="2" bec="0" bev="0" fileid="17" />
              </SequencePoints>
              <BranchPoints />
              <MethodPoint vc="6" upsid="0" p8:type="SequencePoint" ordinal="9" offset="9" sc="0" sl="18" ec="1" el="24" bec="0" bev="0" fileid="17" xmlns:p8="xsi" />
            </Method>
          </Methods>
        </Class>
      </Classes>
    </Module>
  </Modules>
</CoverageSession>